<?xml version="1.0" encoding="UTF-8"?>
<robot generator="Robot 5.0.1 (Python 3.9.13 on win32)" generated="20221122 16:15:05.411" rpa="true" schemaversion="3">
<suite id="s1" name="Tasks" source="c:\Users\oskum\Documents\RobotFramework\my-rsb-robot\tasks.robot">
<test id="s1-t1" name="Insert the sales data for the week and export it as a PDF" line="11">
<kw name="Open the intranet website">
<kw name="Open Available Browser" library="RPA.Browser.Selenium">
<arg>https://robotsparebinindustries.com/</arg>
<doc>Attempts to open a browser on the user's device from a set of
supported browsers. Automatically downloads a corresponding webdriver
if none is already installed.</doc>
<msg timestamp="20221122 16:15:10.325" level="INFO">Creating an instance of the Chrome WebDriver.</msg>
<msg timestamp="20221122 16:15:10.328" level="INFO">====== WebDriver manager ======</msg>
<msg timestamp="20221122 16:15:11.691" level="INFO">Creating an instance of the Chrome WebDriver.</msg>
<msg timestamp="20221122 16:15:12.715" level="INFO">Created Chrome browser with arguments: --disable-dev-shm-usage --disable-web-security --allow-running-insecure-content --no-sandbox</msg>
<msg timestamp="20221122 16:15:12.715" level="INFO" html="true">&lt;p&gt;Attempted combinations:&lt;/p&gt;&lt;div class="doc"&gt;&lt;table&gt;&lt;tr&gt;&lt;th&gt;Browser&lt;/th&gt;&lt;th&gt;Download&lt;/th&gt;&lt;th&gt;Error&lt;/th&gt;&lt;/tr&gt;&lt;tr&gt;&lt;td&gt;Chrome&lt;/td&gt;&lt;td&gt;False&lt;/td&gt;&lt;td&gt;Message: 'chromedriver' executable needs to be in PATH. Please see https://chromedriver.chromium.org/home
&lt;/td&gt;&lt;/tr&gt;&lt;tr&gt;&lt;td&gt;Chrome&lt;/td&gt;&lt;td&gt;True&lt;/td&gt;&lt;td&gt;&lt;/td&gt;&lt;/tr&gt;&lt;/table&gt;&lt;/div&gt;</msg>
<msg timestamp="20221122 16:15:12.715" level="INFO">Opening url 'https://robotsparebinindustries.com/'</msg>
<status status="PASS" starttime="20221122 16:15:10.325" endtime="20221122 16:15:13.209"/>
</kw>
<status status="PASS" starttime="20221122 16:15:10.325" endtime="20221122 16:15:13.209"/>
</kw>
<kw name="Log in">
<kw name="Input Text" library="RPA.Browser.Selenium">
<arg>username</arg>
<arg>maria</arg>
<doc>Types the given ``text`` into the text field identified by ``locator``.</doc>
<msg timestamp="20221122 16:15:13.210" level="INFO">Typing text 'maria' into text field 'username'.</msg>
<status status="PASS" starttime="20221122 16:15:13.209" endtime="20221122 16:15:13.258"/>
</kw>
<kw name="Input Password" library="RPA.Browser.Selenium">
<arg>password</arg>
<arg>thoushallnotpass</arg>
<doc>Types the given password into the text field identified by ``locator``.</doc>
<msg timestamp="20221122 16:15:13.258" level="INFO">Typing password into text field 'password'.</msg>
<msg timestamp="20221122 16:15:13.284" level="INFO">Temporally setting log level to: NONE</msg>
<msg timestamp="20221122 16:15:13.313" level="INFO">Log level changed from NONE to INFO.</msg>
<status status="PASS" starttime="20221122 16:15:13.258" endtime="20221122 16:15:13.313"/>
</kw>
<kw name="Submit Form" library="RPA.Browser.Selenium">
<doc>Submits a form identified by ``locator``.</doc>
<msg timestamp="20221122 16:15:13.313" level="INFO">Submitting form 'None'.</msg>
<status status="PASS" starttime="20221122 16:15:13.313" endtime="20221122 16:15:13.326"/>
</kw>
<kw name="Wait Until Page Contains Element" library="RPA.Browser.Selenium">
<arg>id:sales-form</arg>
<doc>Waits until the element ``locator`` appears on the current page.</doc>
<status status="PASS" starttime="20221122 16:15:13.326" endtime="20221122 16:15:13.540"/>
</kw>
<status status="PASS" starttime="20221122 16:15:13.209" endtime="20221122 16:15:13.540"/>
</kw>
<kw name="Download Excel file">
<kw name="Download" library="RPA.HTTP">
<arg>https://robotsparebinindustries.com/SalesData.xlsx</arg>
<arg>overwrite=true</arg>
<doc>An alias for the ``HTTP Get`` keyword.</doc>
<msg timestamp="20221122 16:15:13.540" level="INFO">Creating a new HTTP session</msg>
<msg timestamp="20221122 16:15:13.540" level="INFO">Creating Session using : alias=rpasession_alias.httpsrobotsparebinindustries.com, url=https://robotsparebinindustries.com, headers={},                     cookies={}, auth=None, timeout=None, proxies=None, verify=True,                     debug=0 </msg>
<status status="PASS" starttime="20221122 16:15:13.540" endtime="20221122 16:15:13.924"/>
</kw>
<status status="PASS" starttime="20221122 16:15:13.540" endtime="20221122 16:15:13.925"/>
</kw>
<kw name="Fill and submit the form using data from excel file">
<kw name="Open Workbook" library="RPA.Excel.Files">
<arg>SalesData.xlsx</arg>
<doc>Open an existing Excel workbook.</doc>
<msg timestamp="20221122 16:15:13.940" level="INFO">Opened workbook: &lt;RPA.Excel.Files.XlsxWorkbook object at 0x000002ACBFF2F580&gt;</msg>
<status status="PASS" starttime="20221122 16:15:13.925" endtime="20221122 16:15:13.940"/>
</kw>
<kw name="Read Worksheet As Table" library="RPA.Excel.Files">
<var>${sales_reps}</var>
<arg>header=True</arg>
<doc>Read the contents of a worksheet into a Table container. Allows
sorting/filtering/manipulating using the ``RPA.Tables`` library.</doc>
<msg timestamp="20221122 16:15:13.941" level="INFO">Created table: Table(columns=['First Name', 'Last Name', 'Sales', 'Sales Target'], rows=50)</msg>
<msg timestamp="20221122 16:15:13.941" level="INFO">${sales_reps} = Table(columns=['First Name', 'Last Name', 'Sales', 'Sales Target'], rows=50)</msg>
<status status="PASS" starttime="20221122 16:15:13.940" endtime="20221122 16:15:13.941"/>
</kw>
<kw name="Close Workbook" library="RPA.Excel.Files">
<doc>Close the active workbook.</doc>
<msg timestamp="20221122 16:15:13.941" level="INFO">Closing workbook: &lt;RPA.Excel.Files.XlsxWorkbook object at 0x000002ACBFF2F580&gt;</msg>
<status status="PASS" starttime="20221122 16:15:13.941" endtime="20221122 16:15:13.941"/>
</kw>
<for flavor="IN">
<var>${sales_rep}</var>
<value>@{sales_reps}</value>
<iter>
<var name="${sales_rep}">{'First Name': 'David', 'Last Name': 'Heazel', 'Sales': 80193, 'Sales Target': 30000}</var>
<kw name="Log" library="BuiltIn">
<arg>${sales_rep}</arg>
<doc>Logs the given message with the given level.</doc>
<msg timestamp="20221122 16:15:13.942" level="INFO">{'First Name': 'David', 'Last Name': 'Heazel', 'Sales': 80193, 'Sales Target': 30000}</msg>
<status status="PASS" starttime="20221122 16:15:13.942" endtime="20221122 16:15:13.942"/>
</kw>
<kw name="Fill and submit the form for one person">
<arg>${sales_rep}</arg>
<kw name="Input Text" library="RPA.Browser.Selenium">
<arg>firstname</arg>
<arg>${sales_rep}[First Name]</arg>
<doc>Types the given ``text`` into the text field identified by ``locator``.</doc>
<msg timestamp="20221122 16:15:13.942" level="INFO">Typing text 'David' into text field 'firstname'.</msg>
<status status="PASS" starttime="20221122 16:15:13.942" endtime="20221122 16:15:13.992"/>
</kw>
<kw name="Input Text" library="RPA.Browser.Selenium">
<arg>lastname</arg>
<arg>${sales_rep}[Last Name]</arg>
<doc>Types the given ``text`` into the text field identified by ``locator``.</doc>
<msg timestamp="20221122 16:15:13.992" level="INFO">Typing text 'Heazel' into text field 'lastname'.</msg>
<status status="PASS" starttime="20221122 16:15:13.992" endtime="20221122 16:15:14.042"/>
</kw>
<kw name="Input Text" library="RPA.Browser.Selenium">
<arg>salesresult</arg>
<arg>${sales_rep}[Sales]</arg>
<doc>Types the given ``text`` into the text field identified by ``locator``.</doc>
<msg timestamp="20221122 16:15:14.042" level="INFO">Typing text '80193' into text field 'salesresult'.</msg>
<status status="PASS" starttime="20221122 16:15:14.042" endtime="20221122 16:15:14.095"/>
</kw>
<kw name="Select From List By Value" library="RPA.Browser.Selenium">
<arg>salestarget</arg>
<arg>${sales_rep}[Sales Target]</arg>
<doc>Selects options from selection list ``locator`` by ``values``.</doc>
<msg timestamp="20221122 16:15:14.096" level="INFO">Selecting options from selection list 'salestarget' by value 30000.</msg>
<status status="PASS" starttime="20221122 16:15:14.095" endtime="20221122 16:15:14.140"/>
</kw>
<kw name="Click Button" library="RPA.Browser.Selenium">
<arg>Submit</arg>
<doc>Clicks the button identified by ``locator``.</doc>
<msg timestamp="20221122 16:15:14.140" level="INFO">Clicking button 'Submit'.</msg>
<status status="PASS" starttime="20221122 16:15:14.140" endtime="20221122 16:15:14.215"/>
</kw>
<status status="PASS" starttime="20221122 16:15:13.942" endtime="20221122 16:15:14.215"/>
</kw>
<status status="PASS" starttime="20221122 16:15:13.942" endtime="20221122 16:15:14.215"/>
</iter>
<iter>
<var name="${sales_rep}">{'First Name': 'Conte', 'Last Name': 'Mascetti', 'Sales': 141182, 'Sales Target': 35000}</var>
<kw name="Log" library="BuiltIn">
<arg>${sales_rep}</arg>
<doc>Logs the given message with the given level.</doc>
<msg timestamp="20221122 16:15:14.215" level="INFO">{'First Name': 'Conte', 'Last Name': 'Mascetti', 'Sales': 141182, 'Sales Target': 35000}</msg>
<status status="PASS" starttime="20221122 16:15:14.215" endtime="20221122 16:15:14.215"/>
</kw>
<kw name="Fill and submit the form for one person">
<arg>${sales_rep}</arg>
<kw name="Input Text" library="RPA.Browser.Selenium">
<arg>firstname</arg>
<arg>${sales_rep}[First Name]</arg>
<doc>Types the given ``text`` into the text field identified by ``locator``.</doc>
<msg timestamp="20221122 16:15:14.216" level="INFO">Typing text 'Conte' into text field 'firstname'.</msg>
<status status="PASS" starttime="20221122 16:15:14.216" endtime="20221122 16:15:14.263"/>
</kw>
<kw name="Input Text" library="RPA.Browser.Selenium">
<arg>lastname</arg>
<arg>${sales_rep}[Last Name]</arg>
<doc>Types the given ``text`` into the text field identified by ``locator``.</doc>
<msg timestamp="20221122 16:15:14.264" level="INFO">Typing text 'Mascetti' into text field 'lastname'.</msg>
<status status="PASS" starttime="20221122 16:15:14.263" endtime="20221122 16:15:14.327"/>
</kw>
<kw name="Input Text" library="RPA.Browser.Selenium">
<arg>salesresult</arg>
<arg>${sales_rep}[Sales]</arg>
<doc>Types the given ``text`` into the text field identified by ``locator``.</doc>
<msg timestamp="20221122 16:15:14.327" level="INFO">Typing text '141182' into text field 'salesresult'.</msg>
<status status="PASS" starttime="20221122 16:15:14.327" endtime="20221122 16:15:14.380"/>
</kw>
<kw name="Select From List By Value" library="RPA.Browser.Selenium">
<arg>salestarget</arg>
<arg>${sales_rep}[Sales Target]</arg>
<doc>Selects options from selection list ``locator`` by ``values``.</doc>
<msg timestamp="20221122 16:15:14.381" level="INFO">Selecting options from selection list 'salestarget' by value 35000.</msg>
<status status="PASS" starttime="20221122 16:15:14.380" endtime="20221122 16:15:14.426"/>
</kw>
<kw name="Click Button" library="RPA.Browser.Selenium">
<arg>Submit</arg>
<doc>Clicks the button identified by ``locator``.</doc>
<msg timestamp="20221122 16:15:14.426" level="INFO">Clicking button 'Submit'.</msg>
<status status="PASS" starttime="20221122 16:15:14.426" endtime="20221122 16:15:14.500"/>
</kw>
<status status="PASS" starttime="20221122 16:15:14.216" endtime="20221122 16:15:14.500"/>
</kw>
<status status="PASS" starttime="20221122 16:15:14.215" endtime="20221122 16:15:14.500"/>
</iter>
<iter>
<var name="${sales_rep}">{'First Name': 'Dallon', 'Last Name': 'Seals', 'Sales': 61456, 'Sales Target': 15000}</var>
<kw name="Log" library="BuiltIn">
<arg>${sales_rep}</arg>
<doc>Logs the given message with the given level.</doc>
<msg timestamp="20221122 16:15:14.500" level="INFO">{'First Name': 'Dallon', 'Last Name': 'Seals', 'Sales': 61456, 'Sales Target': 15000}</msg>
<status status="PASS" starttime="20221122 16:15:14.500" endtime="20221122 16:15:14.500"/>
</kw>
<kw name="Fill and submit the form for one person">
<arg>${sales_rep}</arg>
<kw name="Input Text" library="RPA.Browser.Selenium">
<arg>firstname</arg>
<arg>${sales_rep}[First Name]</arg>
<doc>Types the given ``text`` into the text field identified by ``locator``.</doc>
<msg timestamp="20221122 16:15:14.501" level="INFO">Typing text 'Dallon' into text field 'firstname'.</msg>
<status status="PASS" starttime="20221122 16:15:14.501" endtime="20221122 16:15:14.551"/>
</kw>
<kw name="Input Text" library="RPA.Browser.Selenium">
<arg>lastname</arg>
<arg>${sales_rep}[Last Name]</arg>
<doc>Types the given ``text`` into the text field identified by ``locator``.</doc>
<msg timestamp="20221122 16:15:14.552" level="INFO">Typing text 'Seals' into text field 'lastname'.</msg>
<status status="PASS" starttime="20221122 16:15:14.552" endtime="20221122 16:15:14.609"/>
</kw>
<kw name="Input Text" library="RPA.Browser.Selenium">
<arg>salesresult</arg>
<arg>${sales_rep}[Sales]</arg>
<doc>Types the given ``text`` into the text field identified by ``locator``.</doc>
<msg timestamp="20221122 16:15:14.610" level="INFO">Typing text '61456' into text field 'salesresult'.</msg>
<status status="PASS" starttime="20221122 16:15:14.609" endtime="20221122 16:15:14.662"/>
</kw>
<kw name="Select From List By Value" library="RPA.Browser.Selenium">
<arg>salestarget</arg>
<arg>${sales_rep}[Sales Target]</arg>
<doc>Selects options from selection list ``locator`` by ``values``.</doc>
<msg timestamp="20221122 16:15:14.663" level="INFO">Selecting options from selection list 'salestarget' by value 15000.</msg>
<status status="PASS" starttime="20221122 16:15:14.663" endtime="20221122 16:15:14.707"/>
</kw>
<kw name="Click Button" library="RPA.Browser.Selenium">
<arg>Submit</arg>
<doc>Clicks the button identified by ``locator``.</doc>
<msg timestamp="20221122 16:15:14.707" level="INFO">Clicking button 'Submit'.</msg>
<status status="PASS" starttime="20221122 16:15:14.707" endtime="20221122 16:15:14.780"/>
</kw>
<status status="PASS" starttime="20221122 16:15:14.501" endtime="20221122 16:15:14.780"/>
</kw>
<status status="PASS" starttime="20221122 16:15:14.500" endtime="20221122 16:15:14.780"/>
</iter>
<iter>
<var name="${sales_rep}">{'First Name': 'Jocelyn', 'Last Name': 'Thomsson', 'Sales': 99354, 'Sales Target': 95000}</var>
<kw name="Log" library="BuiltIn">
<arg>${sales_rep}</arg>
<doc>Logs the given message with the given level.</doc>
<msg timestamp="20221122 16:15:14.780" level="INFO">{'First Name': 'Jocelyn', 'Last Name': 'Thomsson', 'Sales': 99354, 'Sales Target': 95000}</msg>
<status status="PASS" starttime="20221122 16:15:14.780" endtime="20221122 16:15:14.780"/>
</kw>
<kw name="Fill and submit the form for one person">
<arg>${sales_rep}</arg>
<kw name="Input Text" library="RPA.Browser.Selenium">
<arg>firstname</arg>
<arg>${sales_rep}[First Name]</arg>
<doc>Types the given ``text`` into the text field identified by ``locator``.</doc>
<msg timestamp="20221122 16:15:14.781" level="INFO">Typing text 'Jocelyn' into text field 'firstname'.</msg>
<status status="PASS" starttime="20221122 16:15:14.781" endtime="20221122 16:15:14.840"/>
</kw>
<kw name="Input Text" library="RPA.Browser.Selenium">
<arg>lastname</arg>
<arg>${sales_rep}[Last Name]</arg>
<doc>Types the given ``text`` into the text field identified by ``locator``.</doc>
<msg timestamp="20221122 16:15:14.840" level="INFO">Typing text 'Thomsson' into text field 'lastname'.</msg>
<status status="PASS" starttime="20221122 16:15:14.840" endtime="20221122 16:15:14.911"/>
</kw>
<kw name="Input Text" library="RPA.Browser.Selenium">
<arg>salesresult</arg>
<arg>${sales_rep}[Sales]</arg>
<doc>Types the given ``text`` into the text field identified by ``locator``.</doc>
<msg timestamp="20221122 16:15:14.912" level="INFO">Typing text '99354' into text field 'salesresult'.</msg>
<status status="PASS" starttime="20221122 16:15:14.911" endtime="20221122 16:15:14.968"/>
</kw>
<kw name="Select From List By Value" library="RPA.Browser.Selenium">
<arg>salestarget</arg>
<arg>${sales_rep}[Sales Target]</arg>
<doc>Selects options from selection list ``locator`` by ``values``.</doc>
<msg timestamp="20221122 16:15:14.969" level="INFO">Selecting options from selection list 'salestarget' by value 95000.</msg>
<status status="PASS" starttime="20221122 16:15:14.968" endtime="20221122 16:15:15.015"/>
</kw>
<kw name="Click Button" library="RPA.Browser.Selenium">
<arg>Submit</arg>
<doc>Clicks the button identified by ``locator``.</doc>
<msg timestamp="20221122 16:15:15.015" level="INFO">Clicking button 'Submit'.</msg>
<status status="PASS" starttime="20221122 16:15:15.015" endtime="20221122 16:15:15.093"/>
</kw>
<status status="PASS" starttime="20221122 16:15:14.780" endtime="20221122 16:15:15.093"/>
</kw>
<status status="PASS" starttime="20221122 16:15:14.780" endtime="20221122 16:15:15.093"/>
</iter>
<iter>
<var name="${sales_rep}">{'First Name': 'Yoko', 'Last Name': 'Flecknell', 'Sales': 139701, 'Sales Target': 50000}</var>
<kw name="Log" library="BuiltIn">
<arg>${sales_rep}</arg>
<doc>Logs the given message with the given level.</doc>
<msg timestamp="20221122 16:15:15.093" level="INFO">{'First Name': 'Yoko', 'Last Name': 'Flecknell', 'Sales': 139701, 'Sales Target': 50000}</msg>
<status status="PASS" starttime="20221122 16:15:15.093" endtime="20221122 16:15:15.093"/>
</kw>
<kw name="Fill and submit the form for one person">
<arg>${sales_rep}</arg>
<kw name="Input Text" library="RPA.Browser.Selenium">
<arg>firstname</arg>
<arg>${sales_rep}[First Name]</arg>
<doc>Types the given ``text`` into the text field identified by ``locator``.</doc>
<msg timestamp="20221122 16:15:15.094" level="INFO">Typing text 'Yoko' into text field 'firstname'.</msg>
<status status="PASS" starttime="20221122 16:15:15.094" endtime="20221122 16:15:15.142"/>
</kw>
<kw name="Input Text" library="RPA.Browser.Selenium">
<arg>lastname</arg>
<arg>${sales_rep}[Last Name]</arg>
<doc>Types the given ``text`` into the text field identified by ``locator``.</doc>
<msg timestamp="20221122 16:15:15.142" level="INFO">Typing text 'Flecknell' into text field 'lastname'.</msg>
<status status="PASS" starttime="20221122 16:15:15.142" endtime="20221122 16:15:15.202"/>
</kw>
<kw name="Input Text" library="RPA.Browser.Selenium">
<arg>salesresult</arg>
<arg>${sales_rep}[Sales]</arg>
<doc>Types the given ``text`` into the text field identified by ``locator``.</doc>
<msg timestamp="20221122 16:15:15.203" level="INFO">Typing text '139701' into text field 'salesresult'.</msg>
<status status="PASS" starttime="20221122 16:15:15.202" endtime="20221122 16:15:15.260"/>
</kw>
<kw name="Select From List By Value" library="RPA.Browser.Selenium">
<arg>salestarget</arg>
<arg>${sales_rep}[Sales Target]</arg>
<doc>Selects options from selection list ``locator`` by ``values``.</doc>
<msg timestamp="20221122 16:15:15.260" level="INFO">Selecting options from selection list 'salestarget' by value 50000.</msg>
<status status="PASS" starttime="20221122 16:15:15.260" endtime="20221122 16:15:15.301"/>
</kw>
<kw name="Click Button" library="RPA.Browser.Selenium">
<arg>Submit</arg>
<doc>Clicks the button identified by ``locator``.</doc>
<msg timestamp="20221122 16:15:15.302" level="INFO">Clicking button 'Submit'.</msg>
<status status="PASS" starttime="20221122 16:15:15.301" endtime="20221122 16:15:15.372"/>
</kw>
<status status="PASS" starttime="20221122 16:15:15.094" endtime="20221122 16:15:15.372"/>
</kw>
<status status="PASS" starttime="20221122 16:15:15.093" endtime="20221122 16:15:15.372"/>
</iter>
<iter>
<var name="${sales_rep}">{'First Name': 'Ninnette', 'Last Name': 'Heinssen', 'Sales': 63808, 'Sales Target': 25000}</var>
<kw name="Log" library="BuiltIn">
<arg>${sales_rep}</arg>
<doc>Logs the given message with the given level.</doc>
<msg timestamp="20221122 16:15:15.372" level="INFO">{'First Name': 'Ninnette', 'Last Name': 'Heinssen', 'Sales': 63808, 'Sales Target': 25000}</msg>
<status status="PASS" starttime="20221122 16:15:15.372" endtime="20221122 16:15:15.372"/>
</kw>
<kw name="Fill and submit the form for one person">
<arg>${sales_rep}</arg>
<kw name="Input Text" library="RPA.Browser.Selenium">
<arg>firstname</arg>
<arg>${sales_rep}[First Name]</arg>
<doc>Types the given ``text`` into the text field identified by ``locator``.</doc>
<msg timestamp="20221122 16:15:15.373" level="INFO">Typing text 'Ninnette' into text field 'firstname'.</msg>
<status status="PASS" starttime="20221122 16:15:15.373" endtime="20221122 16:15:15.426"/>
</kw>
<kw name="Input Text" library="RPA.Browser.Selenium">
<arg>lastname</arg>
<arg>${sales_rep}[Last Name]</arg>
<doc>Types the given ``text`` into the text field identified by ``locator``.</doc>
<msg timestamp="20221122 16:15:15.427" level="INFO">Typing text 'Heinssen' into text field 'lastname'.</msg>
<status status="PASS" starttime="20221122 16:15:15.426" endtime="20221122 16:15:15.492"/>
</kw>
<kw name="Input Text" library="RPA.Browser.Selenium">
<arg>salesresult</arg>
<arg>${sales_rep}[Sales]</arg>
<doc>Types the given ``text`` into the text field identified by ``locator``.</doc>
<msg timestamp="20221122 16:15:15.492" level="INFO">Typing text '63808' into text field 'salesresult'.</msg>
<status status="PASS" starttime="20221122 16:15:15.492" endtime="20221122 16:15:15.545"/>
</kw>
<kw name="Select From List By Value" library="RPA.Browser.Selenium">
<arg>salestarget</arg>
<arg>${sales_rep}[Sales Target]</arg>
<doc>Selects options from selection list ``locator`` by ``values``.</doc>
<msg timestamp="20221122 16:15:15.545" level="INFO">Selecting options from selection list 'salestarget' by value 25000.</msg>
<status status="PASS" starttime="20221122 16:15:15.545" endtime="20221122 16:15:15.590"/>
</kw>
<kw name="Click Button" library="RPA.Browser.Selenium">
<arg>Submit</arg>
<doc>Clicks the button identified by ``locator``.</doc>
<msg timestamp="20221122 16:15:15.590" level="INFO">Clicking button 'Submit'.</msg>
<status status="PASS" starttime="20221122 16:15:15.590" endtime="20221122 16:15:15.664"/>
</kw>
<status status="PASS" starttime="20221122 16:15:15.372" endtime="20221122 16:15:15.664"/>
</kw>
<status status="PASS" starttime="20221122 16:15:15.372" endtime="20221122 16:15:15.664"/>
</iter>
<iter>
<var name="${sales_rep}">{'First Name': 'Ahmed', 'Last Name': 'Vasnetsov', 'Sales': 50211, 'Sales Target': 60000}</var>
<kw name="Log" library="BuiltIn">
<arg>${sales_rep}</arg>
<doc>Logs the given message with the given level.</doc>
<msg timestamp="20221122 16:15:15.664" level="INFO">{'First Name': 'Ahmed', 'Last Name': 'Vasnetsov', 'Sales': 50211, 'Sales Target': 60000}</msg>
<status status="PASS" starttime="20221122 16:15:15.664" endtime="20221122 16:15:15.664"/>
</kw>
<kw name="Fill and submit the form for one person">
<arg>${sales_rep}</arg>
<kw name="Input Text" library="RPA.Browser.Selenium">
<arg>firstname</arg>
<arg>${sales_rep}[First Name]</arg>
<doc>Types the given ``text`` into the text field identified by ``locator``.</doc>
<msg timestamp="20221122 16:15:15.665" level="INFO">Typing text 'Ahmed' into text field 'firstname'.</msg>
<status status="PASS" starttime="20221122 16:15:15.665" endtime="20221122 16:15:15.717"/>
</kw>
<kw name="Input Text" library="RPA.Browser.Selenium">
<arg>lastname</arg>
<arg>${sales_rep}[Last Name]</arg>
<doc>Types the given ``text`` into the text field identified by ``locator``.</doc>
<msg timestamp="20221122 16:15:15.717" level="INFO">Typing text 'Vasnetsov' into text field 'lastname'.</msg>
<status status="PASS" starttime="20221122 16:15:15.717" endtime="20221122 16:15:15.781"/>
</kw>
<kw name="Input Text" library="RPA.Browser.Selenium">
<arg>salesresult</arg>
<arg>${sales_rep}[Sales]</arg>
<doc>Types the given ``text`` into the text field identified by ``locator``.</doc>
<msg timestamp="20221122 16:15:15.782" level="INFO">Typing text '50211' into text field 'salesresult'.</msg>
<status status="PASS" starttime="20221122 16:15:15.781" endtime="20221122 16:15:15.835"/>
</kw>
<kw name="Select From List By Value" library="RPA.Browser.Selenium">
<arg>salestarget</arg>
<arg>${sales_rep}[Sales Target]</arg>
<doc>Selects options from selection list ``locator`` by ``values``.</doc>
<msg timestamp="20221122 16:15:15.835" level="INFO">Selecting options from selection list 'salestarget' by value 60000.</msg>
<status status="PASS" starttime="20221122 16:15:15.835" endtime="20221122 16:15:15.878"/>
</kw>
<kw name="Click Button" library="RPA.Browser.Selenium">
<arg>Submit</arg>
<doc>Clicks the button identified by ``locator``.</doc>
<msg timestamp="20221122 16:15:15.878" level="INFO">Clicking button 'Submit'.</msg>
<status status="PASS" starttime="20221122 16:15:15.878" endtime="20221122 16:15:15.951"/>
</kw>
<status status="PASS" starttime="20221122 16:15:15.664" endtime="20221122 16:15:15.951"/>
</kw>
<status status="PASS" starttime="20221122 16:15:15.664" endtime="20221122 16:15:15.951"/>
</iter>
<iter>
<var name="${sales_rep}">{'First Name': 'Pearline', 'Last Name': 'Fenton', 'Sales': 78556, 'Sales Target': 35000}</var>
<kw name="Log" library="BuiltIn">
<arg>${sales_rep}</arg>
<doc>Logs the given message with the given level.</doc>
<msg timestamp="20221122 16:15:15.952" level="INFO">{'First Name': 'Pearline', 'Last Name': 'Fenton', 'Sales': 78556, 'Sales Target': 35000}</msg>
<status status="PASS" starttime="20221122 16:15:15.951" endtime="20221122 16:15:15.952"/>
</kw>
<kw name="Fill and submit the form for one person">
<arg>${sales_rep}</arg>
<kw name="Input Text" library="RPA.Browser.Selenium">
<arg>firstname</arg>
<arg>${sales_rep}[First Name]</arg>
<doc>Types the given ``text`` into the text field identified by ``locator``.</doc>
<msg timestamp="20221122 16:15:15.952" level="INFO">Typing text 'Pearline' into text field 'firstname'.</msg>
<status status="PASS" starttime="20221122 16:15:15.952" endtime="20221122 16:15:16.009"/>
</kw>
<kw name="Input Text" library="RPA.Browser.Selenium">
<arg>lastname</arg>
<arg>${sales_rep}[Last Name]</arg>
<doc>Types the given ``text`` into the text field identified by ``locator``.</doc>
<msg timestamp="20221122 16:15:16.009" level="INFO">Typing text 'Fenton' into text field 'lastname'.</msg>
<status status="PASS" starttime="20221122 16:15:16.009" endtime="20221122 16:15:16.072"/>
</kw>
<kw name="Input Text" library="RPA.Browser.Selenium">
<arg>salesresult</arg>
<arg>${sales_rep}[Sales]</arg>
<doc>Types the given ``text`` into the text field identified by ``locator``.</doc>
<msg timestamp="20221122 16:15:16.072" level="INFO">Typing text '78556' into text field 'salesresult'.</msg>
<status status="PASS" starttime="20221122 16:15:16.072" endtime="20221122 16:15:16.127"/>
</kw>
<kw name="Select From List By Value" library="RPA.Browser.Selenium">
<arg>salestarget</arg>
<arg>${sales_rep}[Sales Target]</arg>
<doc>Selects options from selection list ``locator`` by ``values``.</doc>
<msg timestamp="20221122 16:15:16.127" level="INFO">Selecting options from selection list 'salestarget' by value 35000.</msg>
<status status="PASS" starttime="20221122 16:15:16.127" endtime="20221122 16:15:16.172"/>
</kw>
<kw name="Click Button" library="RPA.Browser.Selenium">
<arg>Submit</arg>
<doc>Clicks the button identified by ``locator``.</doc>
<msg timestamp="20221122 16:15:16.172" level="INFO">Clicking button 'Submit'.</msg>
<status status="PASS" starttime="20221122 16:15:16.172" endtime="20221122 16:15:16.245"/>
</kw>
<status status="PASS" starttime="20221122 16:15:15.952" endtime="20221122 16:15:16.246"/>
</kw>
<status status="PASS" starttime="20221122 16:15:15.951" endtime="20221122 16:15:16.246"/>
</iter>
<iter>
<var name="${sales_rep}">{'First Name': 'Lelah', 'Last Name': 'Yewdale', 'Sales': 122695, 'Sales Target': 100000}</var>
<kw name="Log" library="BuiltIn">
<arg>${sales_rep}</arg>
<doc>Logs the given message with the given level.</doc>
<msg timestamp="20221122 16:15:16.246" level="INFO">{'First Name': 'Lelah', 'Last Name': 'Yewdale', 'Sales': 122695, 'Sales Target': 100000}</msg>
<status status="PASS" starttime="20221122 16:15:16.246" endtime="20221122 16:15:16.247"/>
</kw>
<kw name="Fill and submit the form for one person">
<arg>${sales_rep}</arg>
<kw name="Input Text" library="RPA.Browser.Selenium">
<arg>firstname</arg>
<arg>${sales_rep}[First Name]</arg>
<doc>Types the given ``text`` into the text field identified by ``locator``.</doc>
<msg timestamp="20221122 16:15:16.247" level="INFO">Typing text 'Lelah' into text field 'firstname'.</msg>
<status status="PASS" starttime="20221122 16:15:16.247" endtime="20221122 16:15:16.299"/>
</kw>
<kw name="Input Text" library="RPA.Browser.Selenium">
<arg>lastname</arg>
<arg>${sales_rep}[Last Name]</arg>
<doc>Types the given ``text`` into the text field identified by ``locator``.</doc>
<msg timestamp="20221122 16:15:16.299" level="INFO">Typing text 'Yewdale' into text field 'lastname'.</msg>
<status status="PASS" starttime="20221122 16:15:16.299" endtime="20221122 16:15:16.363"/>
</kw>
<kw name="Input Text" library="RPA.Browser.Selenium">
<arg>salesresult</arg>
<arg>${sales_rep}[Sales]</arg>
<doc>Types the given ``text`` into the text field identified by ``locator``.</doc>
<msg timestamp="20221122 16:15:16.363" level="INFO">Typing text '122695' into text field 'salesresult'.</msg>
<status status="PASS" starttime="20221122 16:15:16.363" endtime="20221122 16:15:16.418"/>
</kw>
<kw name="Select From List By Value" library="RPA.Browser.Selenium">
<arg>salestarget</arg>
<arg>${sales_rep}[Sales Target]</arg>
<doc>Selects options from selection list ``locator`` by ``values``.</doc>
<msg timestamp="20221122 16:15:16.418" level="INFO">Selecting options from selection list 'salestarget' by value 100000.</msg>
<status status="PASS" starttime="20221122 16:15:16.418" endtime="20221122 16:15:16.462"/>
</kw>
<kw name="Click Button" library="RPA.Browser.Selenium">
<arg>Submit</arg>
<doc>Clicks the button identified by ``locator``.</doc>
<msg timestamp="20221122 16:15:16.462" level="INFO">Clicking button 'Submit'.</msg>
<status status="PASS" starttime="20221122 16:15:16.462" endtime="20221122 16:15:16.534"/>
</kw>
<status status="PASS" starttime="20221122 16:15:16.247" endtime="20221122 16:15:16.534"/>
</kw>
<status status="PASS" starttime="20221122 16:15:16.246" endtime="20221122 16:15:16.534"/>
</iter>
<iter>
<var name="${sales_rep}">{'First Name': 'Belinda', 'Last Name': 'Blumenthal', 'Sales': 115410, 'Sales Target': 70000}</var>
<kw name="Log" library="BuiltIn">
<arg>${sales_rep}</arg>
<doc>Logs the given message with the given level.</doc>
<msg timestamp="20221122 16:15:16.535" level="INFO">{'First Name': 'Belinda', 'Last Name': 'Blumenthal', 'Sales': 115410, 'Sales Target': 70000}</msg>
<status status="PASS" starttime="20221122 16:15:16.535" endtime="20221122 16:15:16.535"/>
</kw>
<kw name="Fill and submit the form for one person">
<arg>${sales_rep}</arg>
<kw name="Input Text" library="RPA.Browser.Selenium">
<arg>firstname</arg>
<arg>${sales_rep}[First Name]</arg>
<doc>Types the given ``text`` into the text field identified by ``locator``.</doc>
<msg timestamp="20221122 16:15:16.535" level="INFO">Typing text 'Belinda' into text field 'firstname'.</msg>
<status status="PASS" starttime="20221122 16:15:16.535" endtime="20221122 16:15:16.588"/>
</kw>
<kw name="Input Text" library="RPA.Browser.Selenium">
<arg>lastname</arg>
<arg>${sales_rep}[Last Name]</arg>
<doc>Types the given ``text`` into the text field identified by ``locator``.</doc>
<msg timestamp="20221122 16:15:16.589" level="INFO">Typing text 'Blumenthal' into text field 'lastname'.</msg>
<status status="PASS" starttime="20221122 16:15:16.588" endtime="20221122 16:15:16.658"/>
</kw>
<kw name="Input Text" library="RPA.Browser.Selenium">
<arg>salesresult</arg>
<arg>${sales_rep}[Sales]</arg>
<doc>Types the given ``text`` into the text field identified by ``locator``.</doc>
<msg timestamp="20221122 16:15:16.659" level="INFO">Typing text '115410' into text field 'salesresult'.</msg>
<status status="PASS" starttime="20221122 16:15:16.658" endtime="20221122 16:15:16.714"/>
</kw>
<kw name="Select From List By Value" library="RPA.Browser.Selenium">
<arg>salestarget</arg>
<arg>${sales_rep}[Sales Target]</arg>
<doc>Selects options from selection list ``locator`` by ``values``.</doc>
<msg timestamp="20221122 16:15:16.715" level="INFO">Selecting options from selection list 'salestarget' by value 70000.</msg>
<status status="PASS" starttime="20221122 16:15:16.714" endtime="20221122 16:15:16.760"/>
</kw>
<kw name="Click Button" library="RPA.Browser.Selenium">
<arg>Submit</arg>
<doc>Clicks the button identified by ``locator``.</doc>
<msg timestamp="20221122 16:15:16.760" level="INFO">Clicking button 'Submit'.</msg>
<status status="PASS" starttime="20221122 16:15:16.760" endtime="20221122 16:15:16.838"/>
</kw>
<status status="PASS" starttime="20221122 16:15:16.535" endtime="20221122 16:15:16.839"/>
</kw>
<status status="PASS" starttime="20221122 16:15:16.535" endtime="20221122 16:15:16.839"/>
</iter>
<iter>
<var name="${sales_rep}">{'First Name': 'Antoni', 'Last Name': 'Degoe', 'Sales': 106991, 'Sales Target': 75000}</var>
<kw name="Log" library="BuiltIn">
<arg>${sales_rep}</arg>
<doc>Logs the given message with the given level.</doc>
<msg timestamp="20221122 16:15:16.839" level="INFO">{'First Name': 'Antoni', 'Last Name': 'Degoe', 'Sales': 106991, 'Sales Target': 75000}</msg>
<status status="PASS" starttime="20221122 16:15:16.839" endtime="20221122 16:15:16.839"/>
</kw>
<kw name="Fill and submit the form for one person">
<arg>${sales_rep}</arg>
<kw name="Input Text" library="RPA.Browser.Selenium">
<arg>firstname</arg>
<arg>${sales_rep}[First Name]</arg>
<doc>Types the given ``text`` into the text field identified by ``locator``.</doc>
<msg timestamp="20221122 16:15:16.840" level="INFO">Typing text 'Antoni' into text field 'firstname'.</msg>
<status status="PASS" starttime="20221122 16:15:16.839" endtime="20221122 16:15:16.893"/>
</kw>
<kw name="Input Text" library="RPA.Browser.Selenium">
<arg>lastname</arg>
<arg>${sales_rep}[Last Name]</arg>
<doc>Types the given ``text`` into the text field identified by ``locator``.</doc>
<msg timestamp="20221122 16:15:16.893" level="INFO">Typing text 'Degoe' into text field 'lastname'.</msg>
<status status="PASS" starttime="20221122 16:15:16.893" endtime="20221122 16:15:16.952"/>
</kw>
<kw name="Input Text" library="RPA.Browser.Selenium">
<arg>salesresult</arg>
<arg>${sales_rep}[Sales]</arg>
<doc>Types the given ``text`` into the text field identified by ``locator``.</doc>
<msg timestamp="20221122 16:15:16.952" level="INFO">Typing text '106991' into text field 'salesresult'.</msg>
<status status="PASS" starttime="20221122 16:15:16.952" endtime="20221122 16:15:17.008"/>
</kw>
<kw name="Select From List By Value" library="RPA.Browser.Selenium">
<arg>salestarget</arg>
<arg>${sales_rep}[Sales Target]</arg>
<doc>Selects options from selection list ``locator`` by ``values``.</doc>
<msg timestamp="20221122 16:15:17.009" level="INFO">Selecting options from selection list 'salestarget' by value 75000.</msg>
<status status="PASS" starttime="20221122 16:15:17.009" endtime="20221122 16:15:17.052"/>
</kw>
<kw name="Click Button" library="RPA.Browser.Selenium">
<arg>Submit</arg>
<doc>Clicks the button identified by ``locator``.</doc>
<msg timestamp="20221122 16:15:17.053" level="INFO">Clicking button 'Submit'.</msg>
<status status="PASS" starttime="20221122 16:15:17.053" endtime="20221122 16:15:17.124"/>
</kw>
<status status="PASS" starttime="20221122 16:15:16.839" endtime="20221122 16:15:17.124"/>
</kw>
<status status="PASS" starttime="20221122 16:15:16.839" endtime="20221122 16:15:17.124"/>
</iter>
<iter>
<var name="${sales_rep}">{'First Name': 'Donnamarie', 'Last Name': 'Watts', 'Sales': 25924, 'Sales Target': 85000}</var>
<kw name="Log" library="BuiltIn">
<arg>${sales_rep}</arg>
<doc>Logs the given message with the given level.</doc>
<msg timestamp="20221122 16:15:17.125" level="INFO">{'First Name': 'Donnamarie', 'Last Name': 'Watts', 'Sales': 25924, 'Sales Target': 85000}</msg>
<status status="PASS" starttime="20221122 16:15:17.125" endtime="20221122 16:15:17.125"/>
</kw>
<kw name="Fill and submit the form for one person">
<arg>${sales_rep}</arg>
<kw name="Input Text" library="RPA.Browser.Selenium">
<arg>firstname</arg>
<arg>${sales_rep}[First Name]</arg>
<doc>Types the given ``text`` into the text field identified by ``locator``.</doc>
<msg timestamp="20221122 16:15:17.125" level="INFO">Typing text 'Donnamarie' into text field 'firstname'.</msg>
<status status="PASS" starttime="20221122 16:15:17.125" endtime="20221122 16:15:17.180"/>
</kw>
<kw name="Input Text" library="RPA.Browser.Selenium">
<arg>lastname</arg>
<arg>${sales_rep}[Last Name]</arg>
<doc>Types the given ``text`` into the text field identified by ``locator``.</doc>
<msg timestamp="20221122 16:15:17.180" level="INFO">Typing text 'Watts' into text field 'lastname'.</msg>
<status status="PASS" starttime="20221122 16:15:17.180" endtime="20221122 16:15:17.242"/>
</kw>
<kw name="Input Text" library="RPA.Browser.Selenium">
<arg>salesresult</arg>
<arg>${sales_rep}[Sales]</arg>
<doc>Types the given ``text`` into the text field identified by ``locator``.</doc>
<msg timestamp="20221122 16:15:17.242" level="INFO">Typing text '25924' into text field 'salesresult'.</msg>
<status status="PASS" starttime="20221122 16:15:17.242" endtime="20221122 16:15:17.297"/>
</kw>
<kw name="Select From List By Value" library="RPA.Browser.Selenium">
<arg>salestarget</arg>
<arg>${sales_rep}[Sales Target]</arg>
<doc>Selects options from selection list ``locator`` by ``values``.</doc>
<msg timestamp="20221122 16:15:17.298" level="INFO">Selecting options from selection list 'salestarget' by value 85000.</msg>
<status status="PASS" starttime="20221122 16:15:17.298" endtime="20221122 16:15:17.342"/>
</kw>
<kw name="Click Button" library="RPA.Browser.Selenium">
<arg>Submit</arg>
<doc>Clicks the button identified by ``locator``.</doc>
<msg timestamp="20221122 16:15:17.342" level="INFO">Clicking button 'Submit'.</msg>
<status status="PASS" starttime="20221122 16:15:17.342" endtime="20221122 16:15:17.416"/>
</kw>
<status status="PASS" starttime="20221122 16:15:17.125" endtime="20221122 16:15:17.416"/>
</kw>
<status status="PASS" starttime="20221122 16:15:17.124" endtime="20221122 16:15:17.416"/>
</iter>
<iter>
<var name="${sales_rep}">{'First Name': 'Anabella', 'Last Name': 'Blindermann', 'Sales': 43564, 'Sales Target': 85000}</var>
<kw name="Log" library="BuiltIn">
<arg>${sales_rep}</arg>
<doc>Logs the given message with the given level.</doc>
<msg timestamp="20221122 16:15:17.417" level="INFO">{'First Name': 'Anabella', 'Last Name': 'Blindermann', 'Sales': 43564, 'Sales Target': 85000}</msg>
<status status="PASS" starttime="20221122 16:15:17.416" endtime="20221122 16:15:17.417"/>
</kw>
<kw name="Fill and submit the form for one person">
<arg>${sales_rep}</arg>
<kw name="Input Text" library="RPA.Browser.Selenium">
<arg>firstname</arg>
<arg>${sales_rep}[First Name]</arg>
<doc>Types the given ``text`` into the text field identified by ``locator``.</doc>
<msg timestamp="20221122 16:15:17.417" level="INFO">Typing text 'Anabella' into text field 'firstname'.</msg>
<status status="PASS" starttime="20221122 16:15:17.417" endtime="20221122 16:15:17.477"/>
</kw>
<kw name="Input Text" library="RPA.Browser.Selenium">
<arg>lastname</arg>
<arg>${sales_rep}[Last Name]</arg>
<doc>Types the given ``text`` into the text field identified by ``locator``.</doc>
<msg timestamp="20221122 16:15:17.477" level="INFO">Typing text 'Blindermann' into text field 'lastname'.</msg>
<status status="PASS" starttime="20221122 16:15:17.477" endtime="20221122 16:15:17.558"/>
</kw>
<kw name="Input Text" library="RPA.Browser.Selenium">
<arg>salesresult</arg>
<arg>${sales_rep}[Sales]</arg>
<doc>Types the given ``text`` into the text field identified by ``locator``.</doc>
<msg timestamp="20221122 16:15:17.558" level="INFO">Typing text '43564' into text field 'salesresult'.</msg>
<status status="PASS" starttime="20221122 16:15:17.558" endtime="20221122 16:15:17.612"/>
</kw>
<kw name="Select From List By Value" library="RPA.Browser.Selenium">
<arg>salestarget</arg>
<arg>${sales_rep}[Sales Target]</arg>
<doc>Selects options from selection list ``locator`` by ``values``.</doc>
<msg timestamp="20221122 16:15:17.612" level="INFO">Selecting options from selection list 'salestarget' by value 85000.</msg>
<status status="PASS" starttime="20221122 16:15:17.612" endtime="20221122 16:15:17.655"/>
</kw>
<kw name="Click Button" library="RPA.Browser.Selenium">
<arg>Submit</arg>
<doc>Clicks the button identified by ``locator``.</doc>
<msg timestamp="20221122 16:15:17.656" level="INFO">Clicking button 'Submit'.</msg>
<status status="PASS" starttime="20221122 16:15:17.656" endtime="20221122 16:15:17.728"/>
</kw>
<status status="PASS" starttime="20221122 16:15:17.417" endtime="20221122 16:15:17.728"/>
</kw>
<status status="PASS" starttime="20221122 16:15:17.416" endtime="20221122 16:15:17.728"/>
</iter>
<iter>
<var name="${sales_rep}">{'First Name': 'Fred', 'Last Name': 'Mengoni', 'Sales': 131725, 'Sales Target': 5000}</var>
<kw name="Log" library="BuiltIn">
<arg>${sales_rep}</arg>
<doc>Logs the given message with the given level.</doc>
<msg timestamp="20221122 16:15:17.729" level="INFO">{'First Name': 'Fred', 'Last Name': 'Mengoni', 'Sales': 131725, 'Sales Target': 5000}</msg>
<status status="PASS" starttime="20221122 16:15:17.729" endtime="20221122 16:15:17.729"/>
</kw>
<kw name="Fill and submit the form for one person">
<arg>${sales_rep}</arg>
<kw name="Input Text" library="RPA.Browser.Selenium">
<arg>firstname</arg>
<arg>${sales_rep}[First Name]</arg>
<doc>Types the given ``text`` into the text field identified by ``locator``.</doc>
<msg timestamp="20221122 16:15:17.729" level="INFO">Typing text 'Fred' into text field 'firstname'.</msg>
<status status="PASS" starttime="20221122 16:15:17.729" endtime="20221122 16:15:17.786"/>
</kw>
<kw name="Input Text" library="RPA.Browser.Selenium">
<arg>lastname</arg>
<arg>${sales_rep}[Last Name]</arg>
<doc>Types the given ``text`` into the text field identified by ``locator``.</doc>
<msg timestamp="20221122 16:15:17.786" level="INFO">Typing text 'Mengoni' into text field 'lastname'.</msg>
<status status="PASS" starttime="20221122 16:15:17.786" endtime="20221122 16:15:17.850"/>
</kw>
<kw name="Input Text" library="RPA.Browser.Selenium">
<arg>salesresult</arg>
<arg>${sales_rep}[Sales]</arg>
<doc>Types the given ``text`` into the text field identified by ``locator``.</doc>
<msg timestamp="20221122 16:15:17.850" level="INFO">Typing text '131725' into text field 'salesresult'.</msg>
<status status="PASS" starttime="20221122 16:15:17.850" endtime="20221122 16:15:17.905"/>
</kw>
<kw name="Select From List By Value" library="RPA.Browser.Selenium">
<arg>salestarget</arg>
<arg>${sales_rep}[Sales Target]</arg>
<doc>Selects options from selection list ``locator`` by ``values``.</doc>
<msg timestamp="20221122 16:15:17.906" level="INFO">Selecting options from selection list 'salestarget' by value 5000.</msg>
<status status="PASS" starttime="20221122 16:15:17.905" endtime="20221122 16:15:17.931"/>
</kw>
<kw name="Click Button" library="RPA.Browser.Selenium">
<arg>Submit</arg>
<doc>Clicks the button identified by ``locator``.</doc>
<msg timestamp="20221122 16:15:17.932" level="INFO">Clicking button 'Submit'.</msg>
<status status="PASS" starttime="20221122 16:15:17.931" endtime="20221122 16:15:18.003"/>
</kw>
<status status="PASS" starttime="20221122 16:15:17.729" endtime="20221122 16:15:18.004"/>
</kw>
<status status="PASS" starttime="20221122 16:15:17.728" endtime="20221122 16:15:18.004"/>
</iter>
<iter>
<var name="${sales_rep}">{'First Name': 'Nathanil', 'Last Name': 'Bragg', 'Sales': 100336, 'Sales Target': 35000}</var>
<kw name="Log" library="BuiltIn">
<arg>${sales_rep}</arg>
<doc>Logs the given message with the given level.</doc>
<msg timestamp="20221122 16:15:18.004" level="INFO">{'First Name': 'Nathanil', 'Last Name': 'Bragg', 'Sales': 100336, 'Sales Target': 35000}</msg>
<status status="PASS" starttime="20221122 16:15:18.004" endtime="20221122 16:15:18.004"/>
</kw>
<kw name="Fill and submit the form for one person">
<arg>${sales_rep}</arg>
<kw name="Input Text" library="RPA.Browser.Selenium">
<arg>firstname</arg>
<arg>${sales_rep}[First Name]</arg>
<doc>Types the given ``text`` into the text field identified by ``locator``.</doc>
<msg timestamp="20221122 16:15:18.005" level="INFO">Typing text 'Nathanil' into text field 'firstname'.</msg>
<status status="PASS" starttime="20221122 16:15:18.004" endtime="20221122 16:15:18.065"/>
</kw>
<kw name="Input Text" library="RPA.Browser.Selenium">
<arg>lastname</arg>
<arg>${sales_rep}[Last Name]</arg>
<doc>Types the given ``text`` into the text field identified by ``locator``.</doc>
<msg timestamp="20221122 16:15:18.065" level="INFO">Typing text 'Bragg' into text field 'lastname'.</msg>
<status status="PASS" starttime="20221122 16:15:18.065" endtime="20221122 16:15:18.132"/>
</kw>
<kw name="Input Text" library="RPA.Browser.Selenium">
<arg>salesresult</arg>
<arg>${sales_rep}[Sales]</arg>
<doc>Types the given ``text`` into the text field identified by ``locator``.</doc>
<msg timestamp="20221122 16:15:18.133" level="INFO">Typing text '100336' into text field 'salesresult'.</msg>
<status status="PASS" starttime="20221122 16:15:18.133" endtime="20221122 16:15:18.190"/>
</kw>
<kw name="Select From List By Value" library="RPA.Browser.Selenium">
<arg>salestarget</arg>
<arg>${sales_rep}[Sales Target]</arg>
<doc>Selects options from selection list ``locator`` by ``values``.</doc>
<msg timestamp="20221122 16:15:18.190" level="INFO">Selecting options from selection list 'salestarget' by value 35000.</msg>
<status status="PASS" starttime="20221122 16:15:18.190" endtime="20221122 16:15:18.234"/>
</kw>
<kw name="Click Button" library="RPA.Browser.Selenium">
<arg>Submit</arg>
<doc>Clicks the button identified by ``locator``.</doc>
<msg timestamp="20221122 16:15:18.235" level="INFO">Clicking button 'Submit'.</msg>
<status status="PASS" starttime="20221122 16:15:18.234" endtime="20221122 16:15:18.311"/>
</kw>
<status status="PASS" starttime="20221122 16:15:18.004" endtime="20221122 16:15:18.311"/>
</kw>
<status status="PASS" starttime="20221122 16:15:18.004" endtime="20221122 16:15:18.311"/>
</iter>
<iter>
<var name="${sales_rep}">{'First Name': 'Casar', 'Last Name': 'Kubek', 'Sales': 143750, 'Sales Target': 100000}</var>
<kw name="Log" library="BuiltIn">
<arg>${sales_rep}</arg>
<doc>Logs the given message with the given level.</doc>
<msg timestamp="20221122 16:15:18.311" level="INFO">{'First Name': 'Casar', 'Last Name': 'Kubek', 'Sales': 143750, 'Sales Target': 100000}</msg>
<status status="PASS" starttime="20221122 16:15:18.311" endtime="20221122 16:15:18.311"/>
</kw>
<kw name="Fill and submit the form for one person">
<arg>${sales_rep}</arg>
<kw name="Input Text" library="RPA.Browser.Selenium">
<arg>firstname</arg>
<arg>${sales_rep}[First Name]</arg>
<doc>Types the given ``text`` into the text field identified by ``locator``.</doc>
<msg timestamp="20221122 16:15:18.312" level="INFO">Typing text 'Casar' into text field 'firstname'.</msg>
<status status="PASS" starttime="20221122 16:15:18.312" endtime="20221122 16:15:18.371"/>
</kw>
<kw name="Input Text" library="RPA.Browser.Selenium">
<arg>lastname</arg>
<arg>${sales_rep}[Last Name]</arg>
<doc>Types the given ``text`` into the text field identified by ``locator``.</doc>
<msg timestamp="20221122 16:15:18.371" level="INFO">Typing text 'Kubek' into text field 'lastname'.</msg>
<status status="PASS" starttime="20221122 16:15:18.371" endtime="20221122 16:15:18.433"/>
</kw>
<kw name="Input Text" library="RPA.Browser.Selenium">
<arg>salesresult</arg>
<arg>${sales_rep}[Sales]</arg>
<doc>Types the given ``text`` into the text field identified by ``locator``.</doc>
<msg timestamp="20221122 16:15:18.433" level="INFO">Typing text '143750' into text field 'salesresult'.</msg>
<status status="PASS" starttime="20221122 16:15:18.433" endtime="20221122 16:15:18.492"/>
</kw>
<kw name="Select From List By Value" library="RPA.Browser.Selenium">
<arg>salestarget</arg>
<arg>${sales_rep}[Sales Target]</arg>
<doc>Selects options from selection list ``locator`` by ``values``.</doc>
<msg timestamp="20221122 16:15:18.492" level="INFO">Selecting options from selection list 'salestarget' by value 100000.</msg>
<status status="PASS" starttime="20221122 16:15:18.492" endtime="20221122 16:15:18.536"/>
</kw>
<kw name="Click Button" library="RPA.Browser.Selenium">
<arg>Submit</arg>
<doc>Clicks the button identified by ``locator``.</doc>
<msg timestamp="20221122 16:15:18.536" level="INFO">Clicking button 'Submit'.</msg>
<status status="PASS" starttime="20221122 16:15:18.536" endtime="20221122 16:15:18.624"/>
</kw>
<status status="PASS" starttime="20221122 16:15:18.311" endtime="20221122 16:15:18.624"/>
</kw>
<status status="PASS" starttime="20221122 16:15:18.311" endtime="20221122 16:15:18.624"/>
</iter>
<iter>
<var name="${sales_rep}">{'First Name': 'Myrtle', 'Last Name': 'Puddle', 'Sales': 22729, 'Sales Target': 10000}</var>
<kw name="Log" library="BuiltIn">
<arg>${sales_rep}</arg>
<doc>Logs the given message with the given level.</doc>
<msg timestamp="20221122 16:15:18.625" level="INFO">{'First Name': 'Myrtle', 'Last Name': 'Puddle', 'Sales': 22729, 'Sales Target': 10000}</msg>
<status status="PASS" starttime="20221122 16:15:18.625" endtime="20221122 16:15:18.625"/>
</kw>
<kw name="Fill and submit the form for one person">
<arg>${sales_rep}</arg>
<kw name="Input Text" library="RPA.Browser.Selenium">
<arg>firstname</arg>
<arg>${sales_rep}[First Name]</arg>
<doc>Types the given ``text`` into the text field identified by ``locator``.</doc>
<msg timestamp="20221122 16:15:18.626" level="INFO">Typing text 'Myrtle' into text field 'firstname'.</msg>
<status status="PASS" starttime="20221122 16:15:18.625" endtime="20221122 16:15:18.680"/>
</kw>
<kw name="Input Text" library="RPA.Browser.Selenium">
<arg>lastname</arg>
<arg>${sales_rep}[Last Name]</arg>
<doc>Types the given ``text`` into the text field identified by ``locator``.</doc>
<msg timestamp="20221122 16:15:18.681" level="INFO">Typing text 'Puddle' into text field 'lastname'.</msg>
<status status="PASS" starttime="20221122 16:15:18.680" endtime="20221122 16:15:18.744"/>
</kw>
<kw name="Input Text" library="RPA.Browser.Selenium">
<arg>salesresult</arg>
<arg>${sales_rep}[Sales]</arg>
<doc>Types the given ``text`` into the text field identified by ``locator``.</doc>
<msg timestamp="20221122 16:15:18.744" level="INFO">Typing text '22729' into text field 'salesresult'.</msg>
<status status="PASS" starttime="20221122 16:15:18.744" endtime="20221122 16:15:18.797"/>
</kw>
<kw name="Select From List By Value" library="RPA.Browser.Selenium">
<arg>salestarget</arg>
<arg>${sales_rep}[Sales Target]</arg>
<doc>Selects options from selection list ``locator`` by ``values``.</doc>
<msg timestamp="20221122 16:15:18.798" level="INFO">Selecting options from selection list 'salestarget' by value 10000.</msg>
<status status="PASS" starttime="20221122 16:15:18.797" endtime="20221122 16:15:18.842"/>
</kw>
<kw name="Click Button" library="RPA.Browser.Selenium">
<arg>Submit</arg>
<doc>Clicks the button identified by ``locator``.</doc>
<msg timestamp="20221122 16:15:18.842" level="INFO">Clicking button 'Submit'.</msg>
<status status="PASS" starttime="20221122 16:15:18.842" endtime="20221122 16:15:18.912"/>
</kw>
<status status="PASS" starttime="20221122 16:15:18.625" endtime="20221122 16:15:18.912"/>
</kw>
<status status="PASS" starttime="20221122 16:15:18.625" endtime="20221122 16:15:18.912"/>
</iter>
<iter>
<var name="${sales_rep}">{'First Name': 'Devi', 'Last Name': 'Oag', 'Sales': 140919, 'Sales Target': 10000}</var>
<kw name="Log" library="BuiltIn">
<arg>${sales_rep}</arg>
<doc>Logs the given message with the given level.</doc>
<msg timestamp="20221122 16:15:18.912" level="INFO">{'First Name': 'Devi', 'Last Name': 'Oag', 'Sales': 140919, 'Sales Target': 10000}</msg>
<status status="PASS" starttime="20221122 16:15:18.912" endtime="20221122 16:15:18.912"/>
</kw>
<kw name="Fill and submit the form for one person">
<arg>${sales_rep}</arg>
<kw name="Input Text" library="RPA.Browser.Selenium">
<arg>firstname</arg>
<arg>${sales_rep}[First Name]</arg>
<doc>Types the given ``text`` into the text field identified by ``locator``.</doc>
<msg timestamp="20221122 16:15:18.913" level="INFO">Typing text 'Devi' into text field 'firstname'.</msg>
<status status="PASS" starttime="20221122 16:15:18.913" endtime="20221122 16:15:18.972"/>
</kw>
<kw name="Input Text" library="RPA.Browser.Selenium">
<arg>lastname</arg>
<arg>${sales_rep}[Last Name]</arg>
<doc>Types the given ``text`` into the text field identified by ``locator``.</doc>
<msg timestamp="20221122 16:15:18.972" level="INFO">Typing text 'Oag' into text field 'lastname'.</msg>
<status status="PASS" starttime="20221122 16:15:18.972" endtime="20221122 16:15:19.031"/>
</kw>
<kw name="Input Text" library="RPA.Browser.Selenium">
<arg>salesresult</arg>
<arg>${sales_rep}[Sales]</arg>
<doc>Types the given ``text`` into the text field identified by ``locator``.</doc>
<msg timestamp="20221122 16:15:19.032" level="INFO">Typing text '140919' into text field 'salesresult'.</msg>
<status status="PASS" starttime="20221122 16:15:19.031" endtime="20221122 16:15:19.087"/>
</kw>
<kw name="Select From List By Value" library="RPA.Browser.Selenium">
<arg>salestarget</arg>
<arg>${sales_rep}[Sales Target]</arg>
<doc>Selects options from selection list ``locator`` by ``values``.</doc>
<msg timestamp="20221122 16:15:19.087" level="INFO">Selecting options from selection list 'salestarget' by value 10000.</msg>
<status status="PASS" starttime="20221122 16:15:19.087" endtime="20221122 16:15:19.131"/>
</kw>
<kw name="Click Button" library="RPA.Browser.Selenium">
<arg>Submit</arg>
<doc>Clicks the button identified by ``locator``.</doc>
<msg timestamp="20221122 16:15:19.131" level="INFO">Clicking button 'Submit'.</msg>
<status status="PASS" starttime="20221122 16:15:19.131" endtime="20221122 16:15:19.207"/>
</kw>
<status status="PASS" starttime="20221122 16:15:18.912" endtime="20221122 16:15:19.207"/>
</kw>
<status status="PASS" starttime="20221122 16:15:18.912" endtime="20221122 16:15:19.207"/>
</iter>
<iter>
<var name="${sales_rep}">{'First Name': 'Emyle', 'Last Name': "O'Driscole", 'Sales': 70981, 'Sales Target': 10000}</var>
<kw name="Log" library="BuiltIn">
<arg>${sales_rep}</arg>
<doc>Logs the given message with the given level.</doc>
<msg timestamp="20221122 16:15:19.208" level="INFO">{'First Name': 'Emyle', 'Last Name': "O'Driscole", 'Sales': 70981, 'Sales Target': 10000}</msg>
<status status="PASS" starttime="20221122 16:15:19.208" endtime="20221122 16:15:19.208"/>
</kw>
<kw name="Fill and submit the form for one person">
<arg>${sales_rep}</arg>
<kw name="Input Text" library="RPA.Browser.Selenium">
<arg>firstname</arg>
<arg>${sales_rep}[First Name]</arg>
<doc>Types the given ``text`` into the text field identified by ``locator``.</doc>
<msg timestamp="20221122 16:15:19.208" level="INFO">Typing text 'Emyle' into text field 'firstname'.</msg>
<status status="PASS" starttime="20221122 16:15:19.208" endtime="20221122 16:15:19.264"/>
</kw>
<kw name="Input Text" library="RPA.Browser.Selenium">
<arg>lastname</arg>
<arg>${sales_rep}[Last Name]</arg>
<doc>Types the given ``text`` into the text field identified by ``locator``.</doc>
<msg timestamp="20221122 16:15:19.264" level="INFO">Typing text 'O'Driscole' into text field 'lastname'.</msg>
<status status="PASS" starttime="20221122 16:15:19.264" endtime="20221122 16:15:19.329"/>
</kw>
<kw name="Input Text" library="RPA.Browser.Selenium">
<arg>salesresult</arg>
<arg>${sales_rep}[Sales]</arg>
<doc>Types the given ``text`` into the text field identified by ``locator``.</doc>
<msg timestamp="20221122 16:15:19.329" level="INFO">Typing text '70981' into text field 'salesresult'.</msg>
<status status="PASS" starttime="20221122 16:15:19.329" endtime="20221122 16:15:19.381"/>
</kw>
<kw name="Select From List By Value" library="RPA.Browser.Selenium">
<arg>salestarget</arg>
<arg>${sales_rep}[Sales Target]</arg>
<doc>Selects options from selection list ``locator`` by ``values``.</doc>
<msg timestamp="20221122 16:15:19.382" level="INFO">Selecting options from selection list 'salestarget' by value 10000.</msg>
<status status="PASS" starttime="20221122 16:15:19.381" endtime="20221122 16:15:19.425"/>
</kw>
<kw name="Click Button" library="RPA.Browser.Selenium">
<arg>Submit</arg>
<doc>Clicks the button identified by ``locator``.</doc>
<msg timestamp="20221122 16:15:19.426" level="INFO">Clicking button 'Submit'.</msg>
<status status="PASS" starttime="20221122 16:15:19.425" endtime="20221122 16:15:19.499"/>
</kw>
<status status="PASS" starttime="20221122 16:15:19.208" endtime="20221122 16:15:19.499"/>
</kw>
<status status="PASS" starttime="20221122 16:15:19.207" endtime="20221122 16:15:19.499"/>
</iter>
<iter>
<var name="${sales_rep}">{'First Name': 'Mickie', 'Last Name': 'Linbohm', 'Sales': 80516, 'Sales Target': 10000}</var>
<kw name="Log" library="BuiltIn">
<arg>${sales_rep}</arg>
<doc>Logs the given message with the given level.</doc>
<msg timestamp="20221122 16:15:19.500" level="INFO">{'First Name': 'Mickie', 'Last Name': 'Linbohm', 'Sales': 80516, 'Sales Target': 10000}</msg>
<status status="PASS" starttime="20221122 16:15:19.500" endtime="20221122 16:15:19.500"/>
</kw>
<kw name="Fill and submit the form for one person">
<arg>${sales_rep}</arg>
<kw name="Input Text" library="RPA.Browser.Selenium">
<arg>firstname</arg>
<arg>${sales_rep}[First Name]</arg>
<doc>Types the given ``text`` into the text field identified by ``locator``.</doc>
<msg timestamp="20221122 16:15:19.500" level="INFO">Typing text 'Mickie' into text field 'firstname'.</msg>
<status status="PASS" starttime="20221122 16:15:19.500" endtime="20221122 16:15:19.555"/>
</kw>
<kw name="Input Text" library="RPA.Browser.Selenium">
<arg>lastname</arg>
<arg>${sales_rep}[Last Name]</arg>
<doc>Types the given ``text`` into the text field identified by ``locator``.</doc>
<msg timestamp="20221122 16:15:19.555" level="INFO">Typing text 'Linbohm' into text field 'lastname'.</msg>
<status status="PASS" starttime="20221122 16:15:19.555" endtime="20221122 16:15:19.620"/>
</kw>
<kw name="Input Text" library="RPA.Browser.Selenium">
<arg>salesresult</arg>
<arg>${sales_rep}[Sales]</arg>
<doc>Types the given ``text`` into the text field identified by ``locator``.</doc>
<msg timestamp="20221122 16:15:19.620" level="INFO">Typing text '80516' into text field 'salesresult'.</msg>
<status status="PASS" starttime="20221122 16:15:19.620" endtime="20221122 16:15:19.675"/>
</kw>
<kw name="Select From List By Value" library="RPA.Browser.Selenium">
<arg>salestarget</arg>
<arg>${sales_rep}[Sales Target]</arg>
<doc>Selects options from selection list ``locator`` by ``values``.</doc>
<msg timestamp="20221122 16:15:19.676" level="INFO">Selecting options from selection list 'salestarget' by value 10000.</msg>
<status status="PASS" starttime="20221122 16:15:19.675" endtime="20221122 16:15:19.720"/>
</kw>
<kw name="Click Button" library="RPA.Browser.Selenium">
<arg>Submit</arg>
<doc>Clicks the button identified by ``locator``.</doc>
<msg timestamp="20221122 16:15:19.720" level="INFO">Clicking button 'Submit'.</msg>
<status status="PASS" starttime="20221122 16:15:19.720" endtime="20221122 16:15:19.799"/>
</kw>
<status status="PASS" starttime="20221122 16:15:19.500" endtime="20221122 16:15:19.799"/>
</kw>
<status status="PASS" starttime="20221122 16:15:19.500" endtime="20221122 16:15:19.799"/>
</iter>
<iter>
<var name="${sales_rep}">{'First Name': 'Isaac', 'Last Name': 'Asimov', 'Sales': 118852, 'Sales Target': 65000}</var>
<kw name="Log" library="BuiltIn">
<arg>${sales_rep}</arg>
<doc>Logs the given message with the given level.</doc>
<msg timestamp="20221122 16:15:19.800" level="INFO">{'First Name': 'Isaac', 'Last Name': 'Asimov', 'Sales': 118852, 'Sales Target': 65000}</msg>
<status status="PASS" starttime="20221122 16:15:19.800" endtime="20221122 16:15:19.800"/>
</kw>
<kw name="Fill and submit the form for one person">
<arg>${sales_rep}</arg>
<kw name="Input Text" library="RPA.Browser.Selenium">
<arg>firstname</arg>
<arg>${sales_rep}[First Name]</arg>
<doc>Types the given ``text`` into the text field identified by ``locator``.</doc>
<msg timestamp="20221122 16:15:19.801" level="INFO">Typing text 'Isaac' into text field 'firstname'.</msg>
<status status="PASS" starttime="20221122 16:15:19.800" endtime="20221122 16:15:19.855"/>
</kw>
<kw name="Input Text" library="RPA.Browser.Selenium">
<arg>lastname</arg>
<arg>${sales_rep}[Last Name]</arg>
<doc>Types the given ``text`` into the text field identified by ``locator``.</doc>
<msg timestamp="20221122 16:15:19.855" level="INFO">Typing text 'Asimov' into text field 'lastname'.</msg>
<status status="PASS" starttime="20221122 16:15:19.855" endtime="20221122 16:15:19.914"/>
</kw>
<kw name="Input Text" library="RPA.Browser.Selenium">
<arg>salesresult</arg>
<arg>${sales_rep}[Sales]</arg>
<doc>Types the given ``text`` into the text field identified by ``locator``.</doc>
<msg timestamp="20221122 16:15:19.915" level="INFO">Typing text '118852' into text field 'salesresult'.</msg>
<status status="PASS" starttime="20221122 16:15:19.914" endtime="20221122 16:15:19.971"/>
</kw>
<kw name="Select From List By Value" library="RPA.Browser.Selenium">
<arg>salestarget</arg>
<arg>${sales_rep}[Sales Target]</arg>
<doc>Selects options from selection list ``locator`` by ``values``.</doc>
<msg timestamp="20221122 16:15:19.971" level="INFO">Selecting options from selection list 'salestarget' by value 65000.</msg>
<status status="PASS" starttime="20221122 16:15:19.971" endtime="20221122 16:15:20.014"/>
</kw>
<kw name="Click Button" library="RPA.Browser.Selenium">
<arg>Submit</arg>
<doc>Clicks the button identified by ``locator``.</doc>
<msg timestamp="20221122 16:15:20.015" level="INFO">Clicking button 'Submit'.</msg>
<status status="PASS" starttime="20221122 16:15:20.015" endtime="20221122 16:15:20.088"/>
</kw>
<status status="PASS" starttime="20221122 16:15:19.800" endtime="20221122 16:15:20.088"/>
</kw>
<status status="PASS" starttime="20221122 16:15:19.799" endtime="20221122 16:15:20.088"/>
</iter>
<iter>
<var name="${sales_rep}">{'First Name': 'Florence', 'Last Name': 'Mundow', 'Sales': 122953, 'Sales Target': 10000}</var>
<kw name="Log" library="BuiltIn">
<arg>${sales_rep}</arg>
<doc>Logs the given message with the given level.</doc>
<msg timestamp="20221122 16:15:20.088" level="INFO">{'First Name': 'Florence', 'Last Name': 'Mundow', 'Sales': 122953, 'Sales Target': 10000}</msg>
<status status="PASS" starttime="20221122 16:15:20.088" endtime="20221122 16:15:20.089"/>
</kw>
<kw name="Fill and submit the form for one person">
<arg>${sales_rep}</arg>
<kw name="Input Text" library="RPA.Browser.Selenium">
<arg>firstname</arg>
<arg>${sales_rep}[First Name]</arg>
<doc>Types the given ``text`` into the text field identified by ``locator``.</doc>
<msg timestamp="20221122 16:15:20.089" level="INFO">Typing text 'Florence' into text field 'firstname'.</msg>
<status status="PASS" starttime="20221122 16:15:20.089" endtime="20221122 16:15:20.154"/>
</kw>
<kw name="Input Text" library="RPA.Browser.Selenium">
<arg>lastname</arg>
<arg>${sales_rep}[Last Name]</arg>
<doc>Types the given ``text`` into the text field identified by ``locator``.</doc>
<msg timestamp="20221122 16:15:20.154" level="INFO">Typing text 'Mundow' into text field 'lastname'.</msg>
<status status="PASS" starttime="20221122 16:15:20.154" endtime="20221122 16:15:20.219"/>
</kw>
<kw name="Input Text" library="RPA.Browser.Selenium">
<arg>salesresult</arg>
<arg>${sales_rep}[Sales]</arg>
<doc>Types the given ``text`` into the text field identified by ``locator``.</doc>
<msg timestamp="20221122 16:15:20.219" level="INFO">Typing text '122953' into text field 'salesresult'.</msg>
<status status="PASS" starttime="20221122 16:15:20.219" endtime="20221122 16:15:20.277"/>
</kw>
<kw name="Select From List By Value" library="RPA.Browser.Selenium">
<arg>salestarget</arg>
<arg>${sales_rep}[Sales Target]</arg>
<doc>Selects options from selection list ``locator`` by ``values``.</doc>
<msg timestamp="20221122 16:15:20.277" level="INFO">Selecting options from selection list 'salestarget' by value 10000.</msg>
<status status="PASS" starttime="20221122 16:15:20.277" endtime="20221122 16:15:20.322"/>
</kw>
<kw name="Click Button" library="RPA.Browser.Selenium">
<arg>Submit</arg>
<doc>Clicks the button identified by ``locator``.</doc>
<msg timestamp="20221122 16:15:20.323" level="INFO">Clicking button 'Submit'.</msg>
<status status="PASS" starttime="20221122 16:15:20.322" endtime="20221122 16:15:20.402"/>
</kw>
<status status="PASS" starttime="20221122 16:15:20.089" endtime="20221122 16:15:20.403"/>
</kw>
<status status="PASS" starttime="20221122 16:15:20.088" endtime="20221122 16:15:20.403"/>
</iter>
<iter>
<var name="${sales_rep}">{'First Name': 'Mahalia', 'Last Name': 'Goodee', 'Sales': 46997, 'Sales Target': 45000}</var>
<kw name="Log" library="BuiltIn">
<arg>${sales_rep}</arg>
<doc>Logs the given message with the given level.</doc>
<msg timestamp="20221122 16:15:20.404" level="INFO">{'First Name': 'Mahalia', 'Last Name': 'Goodee', 'Sales': 46997, 'Sales Target': 45000}</msg>
<status status="PASS" starttime="20221122 16:15:20.403" endtime="20221122 16:15:20.404"/>
</kw>
<kw name="Fill and submit the form for one person">
<arg>${sales_rep}</arg>
<kw name="Input Text" library="RPA.Browser.Selenium">
<arg>firstname</arg>
<arg>${sales_rep}[First Name]</arg>
<doc>Types the given ``text`` into the text field identified by ``locator``.</doc>
<msg timestamp="20221122 16:15:20.405" level="INFO">Typing text 'Mahalia' into text field 'firstname'.</msg>
<status status="PASS" starttime="20221122 16:15:20.404" endtime="20221122 16:15:20.459"/>
</kw>
<kw name="Input Text" library="RPA.Browser.Selenium">
<arg>lastname</arg>
<arg>${sales_rep}[Last Name]</arg>
<doc>Types the given ``text`` into the text field identified by ``locator``.</doc>
<msg timestamp="20221122 16:15:20.460" level="INFO">Typing text 'Goodee' into text field 'lastname'.</msg>
<status status="PASS" starttime="20221122 16:15:20.459" endtime="20221122 16:15:20.521"/>
</kw>
<kw name="Input Text" library="RPA.Browser.Selenium">
<arg>salesresult</arg>
<arg>${sales_rep}[Sales]</arg>
<doc>Types the given ``text`` into the text field identified by ``locator``.</doc>
<msg timestamp="20221122 16:15:20.521" level="INFO">Typing text '46997' into text field 'salesresult'.</msg>
<status status="PASS" starttime="20221122 16:15:20.521" endtime="20221122 16:15:20.576"/>
</kw>
<kw name="Select From List By Value" library="RPA.Browser.Selenium">
<arg>salestarget</arg>
<arg>${sales_rep}[Sales Target]</arg>
<doc>Selects options from selection list ``locator`` by ``values``.</doc>
<msg timestamp="20221122 16:15:20.576" level="INFO">Selecting options from selection list 'salestarget' by value 45000.</msg>
<status status="PASS" starttime="20221122 16:15:20.576" endtime="20221122 16:15:20.620"/>
</kw>
<kw name="Click Button" library="RPA.Browser.Selenium">
<arg>Submit</arg>
<doc>Clicks the button identified by ``locator``.</doc>
<msg timestamp="20221122 16:15:20.620" level="INFO">Clicking button 'Submit'.</msg>
<status status="PASS" starttime="20221122 16:15:20.620" endtime="20221122 16:15:20.698"/>
</kw>
<status status="PASS" starttime="20221122 16:15:20.404" endtime="20221122 16:15:20.698"/>
</kw>
<status status="PASS" starttime="20221122 16:15:20.403" endtime="20221122 16:15:20.698"/>
</iter>
<iter>
<var name="${sales_rep}">{'First Name': 'Christy', 'Last Name': 'Iwaszkiewicz', 'Sales': 91465, 'Sales Target': 100000}</var>
<kw name="Log" library="BuiltIn">
<arg>${sales_rep}</arg>
<doc>Logs the given message with the given level.</doc>
<msg timestamp="20221122 16:15:20.699" level="INFO">{'First Name': 'Christy', 'Last Name': 'Iwaszkiewicz', 'Sales': 91465, 'Sales Target': 100000}</msg>
<status status="PASS" starttime="20221122 16:15:20.699" endtime="20221122 16:15:20.699"/>
</kw>
<kw name="Fill and submit the form for one person">
<arg>${sales_rep}</arg>
<kw name="Input Text" library="RPA.Browser.Selenium">
<arg>firstname</arg>
<arg>${sales_rep}[First Name]</arg>
<doc>Types the given ``text`` into the text field identified by ``locator``.</doc>
<msg timestamp="20221122 16:15:20.699" level="INFO">Typing text 'Christy' into text field 'firstname'.</msg>
<status status="PASS" starttime="20221122 16:15:20.699" endtime="20221122 16:15:20.759"/>
</kw>
<kw name="Input Text" library="RPA.Browser.Selenium">
<arg>lastname</arg>
<arg>${sales_rep}[Last Name]</arg>
<doc>Types the given ``text`` into the text field identified by ``locator``.</doc>
<msg timestamp="20221122 16:15:20.760" level="INFO">Typing text 'Iwaszkiewicz' into text field 'lastname'.</msg>
<status status="PASS" starttime="20221122 16:15:20.759" endtime="20221122 16:15:20.828"/>
</kw>
<kw name="Input Text" library="RPA.Browser.Selenium">
<arg>salesresult</arg>
<arg>${sales_rep}[Sales]</arg>
<doc>Types the given ``text`` into the text field identified by ``locator``.</doc>
<msg timestamp="20221122 16:15:20.828" level="INFO">Typing text '91465' into text field 'salesresult'.</msg>
<status status="PASS" starttime="20221122 16:15:20.828" endtime="20221122 16:15:20.883"/>
</kw>
<kw name="Select From List By Value" library="RPA.Browser.Selenium">
<arg>salestarget</arg>
<arg>${sales_rep}[Sales Target]</arg>
<doc>Selects options from selection list ``locator`` by ``values``.</doc>
<msg timestamp="20221122 16:15:20.884" level="INFO">Selecting options from selection list 'salestarget' by value 100000.</msg>
<status status="PASS" starttime="20221122 16:15:20.883" endtime="20221122 16:15:20.928"/>
</kw>
<kw name="Click Button" library="RPA.Browser.Selenium">
<arg>Submit</arg>
<doc>Clicks the button identified by ``locator``.</doc>
<msg timestamp="20221122 16:15:20.929" level="INFO">Clicking button 'Submit'.</msg>
<status status="PASS" starttime="20221122 16:15:20.929" endtime="20221122 16:15:21.006"/>
</kw>
<status status="PASS" starttime="20221122 16:15:20.699" endtime="20221122 16:15:21.006"/>
</kw>
<status status="PASS" starttime="20221122 16:15:20.698" endtime="20221122 16:15:21.006"/>
</iter>
<iter>
<var name="${sales_rep}">{'First Name': 'Madelyn', 'Last Name': 'Sire', 'Sales': 66825, 'Sales Target': 60000}</var>
<kw name="Log" library="BuiltIn">
<arg>${sales_rep}</arg>
<doc>Logs the given message with the given level.</doc>
<msg timestamp="20221122 16:15:21.007" level="INFO">{'First Name': 'Madelyn', 'Last Name': 'Sire', 'Sales': 66825, 'Sales Target': 60000}</msg>
<status status="PASS" starttime="20221122 16:15:21.007" endtime="20221122 16:15:21.007"/>
</kw>
<kw name="Fill and submit the form for one person">
<arg>${sales_rep}</arg>
<kw name="Input Text" library="RPA.Browser.Selenium">
<arg>firstname</arg>
<arg>${sales_rep}[First Name]</arg>
<doc>Types the given ``text`` into the text field identified by ``locator``.</doc>
<msg timestamp="20221122 16:15:21.008" level="INFO">Typing text 'Madelyn' into text field 'firstname'.</msg>
<status status="PASS" starttime="20221122 16:15:21.007" endtime="20221122 16:15:21.070"/>
</kw>
<kw name="Input Text" library="RPA.Browser.Selenium">
<arg>lastname</arg>
<arg>${sales_rep}[Last Name]</arg>
<doc>Types the given ``text`` into the text field identified by ``locator``.</doc>
<msg timestamp="20221122 16:15:21.070" level="INFO">Typing text 'Sire' into text field 'lastname'.</msg>
<status status="PASS" starttime="20221122 16:15:21.070" endtime="20221122 16:15:21.133"/>
</kw>
<kw name="Input Text" library="RPA.Browser.Selenium">
<arg>salesresult</arg>
<arg>${sales_rep}[Sales]</arg>
<doc>Types the given ``text`` into the text field identified by ``locator``.</doc>
<msg timestamp="20221122 16:15:21.133" level="INFO">Typing text '66825' into text field 'salesresult'.</msg>
<status status="PASS" starttime="20221122 16:15:21.133" endtime="20221122 16:15:21.193"/>
</kw>
<kw name="Select From List By Value" library="RPA.Browser.Selenium">
<arg>salestarget</arg>
<arg>${sales_rep}[Sales Target]</arg>
<doc>Selects options from selection list ``locator`` by ``values``.</doc>
<msg timestamp="20221122 16:15:21.194" level="INFO">Selecting options from selection list 'salestarget' by value 60000.</msg>
<status status="PASS" starttime="20221122 16:15:21.193" endtime="20221122 16:15:21.237"/>
</kw>
<kw name="Click Button" library="RPA.Browser.Selenium">
<arg>Submit</arg>
<doc>Clicks the button identified by ``locator``.</doc>
<msg timestamp="20221122 16:15:21.237" level="INFO">Clicking button 'Submit'.</msg>
<status status="PASS" starttime="20221122 16:15:21.237" endtime="20221122 16:15:21.313"/>
</kw>
<status status="PASS" starttime="20221122 16:15:21.007" endtime="20221122 16:15:21.313"/>
</kw>
<status status="PASS" starttime="20221122 16:15:21.007" endtime="20221122 16:15:21.313"/>
</iter>
<iter>
<var name="${sales_rep}">{'First Name': 'Thurstan', 'Last Name': 'Karus', 'Sales': 131244, 'Sales Target': 50000}</var>
<kw name="Log" library="BuiltIn">
<arg>${sales_rep}</arg>
<doc>Logs the given message with the given level.</doc>
<msg timestamp="20221122 16:15:21.314" level="INFO">{'First Name': 'Thurstan', 'Last Name': 'Karus', 'Sales': 131244, 'Sales Target': 50000}</msg>
<status status="PASS" starttime="20221122 16:15:21.313" endtime="20221122 16:15:21.314"/>
</kw>
<kw name="Fill and submit the form for one person">
<arg>${sales_rep}</arg>
<kw name="Input Text" library="RPA.Browser.Selenium">
<arg>firstname</arg>
<arg>${sales_rep}[First Name]</arg>
<doc>Types the given ``text`` into the text field identified by ``locator``.</doc>
<msg timestamp="20221122 16:15:21.314" level="INFO">Typing text 'Thurstan' into text field 'firstname'.</msg>
<status status="PASS" starttime="20221122 16:15:21.314" endtime="20221122 16:15:21.374"/>
</kw>
<kw name="Input Text" library="RPA.Browser.Selenium">
<arg>lastname</arg>
<arg>${sales_rep}[Last Name]</arg>
<doc>Types the given ``text`` into the text field identified by ``locator``.</doc>
<msg timestamp="20221122 16:15:21.375" level="INFO">Typing text 'Karus' into text field 'lastname'.</msg>
<status status="PASS" starttime="20221122 16:15:21.375" endtime="20221122 16:15:21.436"/>
</kw>
<kw name="Input Text" library="RPA.Browser.Selenium">
<arg>salesresult</arg>
<arg>${sales_rep}[Sales]</arg>
<doc>Types the given ``text`` into the text field identified by ``locator``.</doc>
<msg timestamp="20221122 16:15:21.436" level="INFO">Typing text '131244' into text field 'salesresult'.</msg>
<status status="PASS" starttime="20221122 16:15:21.436" endtime="20221122 16:15:21.492"/>
</kw>
<kw name="Select From List By Value" library="RPA.Browser.Selenium">
<arg>salestarget</arg>
<arg>${sales_rep}[Sales Target]</arg>
<doc>Selects options from selection list ``locator`` by ``values``.</doc>
<msg timestamp="20221122 16:15:21.493" level="INFO">Selecting options from selection list 'salestarget' by value 50000.</msg>
<status status="PASS" starttime="20221122 16:15:21.493" endtime="20221122 16:15:21.536"/>
</kw>
<kw name="Click Button" library="RPA.Browser.Selenium">
<arg>Submit</arg>
<doc>Clicks the button identified by ``locator``.</doc>
<msg timestamp="20221122 16:15:21.537" level="INFO">Clicking button 'Submit'.</msg>
<status status="PASS" starttime="20221122 16:15:21.536" endtime="20221122 16:15:21.618"/>
</kw>
<status status="PASS" starttime="20221122 16:15:21.314" endtime="20221122 16:15:21.618"/>
</kw>
<status status="PASS" starttime="20221122 16:15:21.313" endtime="20221122 16:15:21.618"/>
</iter>
<iter>
<var name="${sales_rep}">{'First Name': 'Bibi', 'Last Name': 'Rosita', 'Sales': 94131, 'Sales Target': 30000}</var>
<kw name="Log" library="BuiltIn">
<arg>${sales_rep}</arg>
<doc>Logs the given message with the given level.</doc>
<msg timestamp="20221122 16:15:21.618" level="INFO">{'First Name': 'Bibi', 'Last Name': 'Rosita', 'Sales': 94131, 'Sales Target': 30000}</msg>
<status status="PASS" starttime="20221122 16:15:21.618" endtime="20221122 16:15:21.618"/>
</kw>
<kw name="Fill and submit the form for one person">
<arg>${sales_rep}</arg>
<kw name="Input Text" library="RPA.Browser.Selenium">
<arg>firstname</arg>
<arg>${sales_rep}[First Name]</arg>
<doc>Types the given ``text`` into the text field identified by ``locator``.</doc>
<msg timestamp="20221122 16:15:21.619" level="INFO">Typing text 'Bibi' into text field 'firstname'.</msg>
<status status="PASS" starttime="20221122 16:15:21.619" endtime="20221122 16:15:21.671"/>
</kw>
<kw name="Input Text" library="RPA.Browser.Selenium">
<arg>lastname</arg>
<arg>${sales_rep}[Last Name]</arg>
<doc>Types the given ``text`` into the text field identified by ``locator``.</doc>
<msg timestamp="20221122 16:15:21.672" level="INFO">Typing text 'Rosita' into text field 'lastname'.</msg>
<status status="PASS" starttime="20221122 16:15:21.671" endtime="20221122 16:15:21.737"/>
</kw>
<kw name="Input Text" library="RPA.Browser.Selenium">
<arg>salesresult</arg>
<arg>${sales_rep}[Sales]</arg>
<doc>Types the given ``text`` into the text field identified by ``locator``.</doc>
<msg timestamp="20221122 16:15:21.738" level="INFO">Typing text '94131' into text field 'salesresult'.</msg>
<status status="PASS" starttime="20221122 16:15:21.737" endtime="20221122 16:15:21.791"/>
</kw>
<kw name="Select From List By Value" library="RPA.Browser.Selenium">
<arg>salestarget</arg>
<arg>${sales_rep}[Sales Target]</arg>
<doc>Selects options from selection list ``locator`` by ``values``.</doc>
<msg timestamp="20221122 16:15:21.791" level="INFO">Selecting options from selection list 'salestarget' by value 30000.</msg>
<status status="PASS" starttime="20221122 16:15:21.791" endtime="20221122 16:15:21.834"/>
</kw>
<kw name="Click Button" library="RPA.Browser.Selenium">
<arg>Submit</arg>
<doc>Clicks the button identified by ``locator``.</doc>
<msg timestamp="20221122 16:15:21.835" level="INFO">Clicking button 'Submit'.</msg>
<status status="PASS" starttime="20221122 16:15:21.835" endtime="20221122 16:15:21.905"/>
</kw>
<status status="PASS" starttime="20221122 16:15:21.619" endtime="20221122 16:15:21.905"/>
</kw>
<status status="PASS" starttime="20221122 16:15:21.618" endtime="20221122 16:15:21.906"/>
</iter>
<iter>
<var name="${sales_rep}">{'First Name': 'Abbe', 'Last Name': 'Aldcorn', 'Sales': 97489, 'Sales Target': 60000}</var>
<kw name="Log" library="BuiltIn">
<arg>${sales_rep}</arg>
<doc>Logs the given message with the given level.</doc>
[...]
</kw>
<kw name="Fill and submit the form for one person">
<arg>${sales_rep}</arg>
<kw name="Input Text" library="RPA.Browser.Selenium">
<arg>firstname</arg>
<arg>${sales_rep}[First Name]</arg>
<doc>Types the given ``text`` into the text field identified by ``locator``.</doc>
<msg timestamp="20221122 16:15:26.820" level="INFO">Typing text 'Hortensia' into text field 'firstname'.</msg>
<status status="PASS" starttime="20221122 16:15:26.820" endtime="20221122 16:15:26.887"/>
</kw>
<kw name="Input Text" library="RPA.Browser.Selenium">
<arg>lastname</arg>
<arg>${sales_rep}[Last Name]</arg>
<doc>Types the given ``text`` into the text field identified by ``locator``.</doc>
<msg timestamp="20221122 16:15:26.887" level="INFO">Typing text 'Leal' into text field 'lastname'.</msg>
<status status="PASS" starttime="20221122 16:15:26.887" endtime="20221122 16:15:26.950"/>
</kw>
<kw name="Input Text" library="RPA.Browser.Selenium">
<arg>salesresult</arg>
<arg>${sales_rep}[Sales]</arg>
<doc>Types the given ``text`` into the text field identified by ``locator``.</doc>
<msg timestamp="20221122 16:15:26.951" level="INFO">Typing text '29530' into text field 'salesresult'.</msg>
<status status="PASS" starttime="20221122 16:15:26.950" endtime="20221122 16:15:27.007"/>
</kw>
<kw name="Select From List By Value" library="RPA.Browser.Selenium">
<arg>salestarget</arg>
<arg>${sales_rep}[Sales Target]</arg>
<doc>Selects options from selection list ``locator`` by ``values``.</doc>
<msg timestamp="20221122 16:15:27.008" level="INFO">Selecting options from selection list 'salestarget' by value 70000.</msg>
<status status="PASS" starttime="20221122 16:15:27.007" endtime="20221122 16:15:27.053"/>
</kw>
<kw name="Click Button" library="RPA.Browser.Selenium">
<arg>Submit</arg>
<doc>Clicks the button identified by ``locator``.</doc>
<msg timestamp="20221122 16:15:27.053" level="INFO">Clicking button 'Submit'.</msg>
<status status="PASS" starttime="20221122 16:15:27.053" endtime="20221122 16:15:27.138"/>
</kw>
<status status="PASS" starttime="20221122 16:15:26.820" endtime="20221122 16:15:27.138"/>
</kw>
<status status="PASS" starttime="20221122 16:15:26.820" endtime="20221122 16:15:27.138"/>
</iter>
<iter>
<var name="${sales_rep}">{'First Name': 'Regina', 'Last Name': 'Gurling', 'Sales': 86186, 'Sales Target': 15000}</var>
<kw name="Log" library="BuiltIn">
<arg>${sales_rep}</arg>
<doc>Logs the given message with the given level.</doc>
<msg timestamp="20221122 16:15:27.139" level="INFO">{'First Name': 'Regina', 'Last Name': 'Gurling', 'Sales': 86186, 'Sales Target': 15000}</msg>
<status status="PASS" starttime="20221122 16:15:27.139" endtime="20221122 16:15:27.139"/>
</kw>
<kw name="Fill and submit the form for one person">
<arg>${sales_rep}</arg>
<kw name="Input Text" library="RPA.Browser.Selenium">
<arg>firstname</arg>
<arg>${sales_rep}[First Name]</arg>
<doc>Types the given ``text`` into the text field identified by ``locator``.</doc>
<msg timestamp="20221122 16:15:27.140" level="INFO">Typing text 'Regina' into text field 'firstname'.</msg>
<status status="PASS" starttime="20221122 16:15:27.139" endtime="20221122 16:15:27.200"/>
</kw>
<kw name="Input Text" library="RPA.Browser.Selenium">
<arg>lastname</arg>
<arg>${sales_rep}[Last Name]</arg>
<doc>Types the given ``text`` into the text field identified by ``locator``.</doc>
<msg timestamp="20221122 16:15:27.200" level="INFO">Typing text 'Gurling' into text field 'lastname'.</msg>
<status status="PASS" starttime="20221122 16:15:27.200" endtime="20221122 16:15:27.261"/>
</kw>
<kw name="Input Text" library="RPA.Browser.Selenium">
<arg>salesresult</arg>
<arg>${sales_rep}[Sales]</arg>
<doc>Types the given ``text`` into the text field identified by ``locator``.</doc>
<msg timestamp="20221122 16:15:27.261" level="INFO">Typing text '86186' into text field 'salesresult'.</msg>
<status status="PASS" starttime="20221122 16:15:27.261" endtime="20221122 16:15:27.316"/>
</kw>
<kw name="Select From List By Value" library="RPA.Browser.Selenium">
<arg>salestarget</arg>
<arg>${sales_rep}[Sales Target]</arg>
<doc>Selects options from selection list ``locator`` by ``values``.</doc>
<msg timestamp="20221122 16:15:27.316" level="INFO">Selecting options from selection list 'salestarget' by value 15000.</msg>
<status status="PASS" starttime="20221122 16:15:27.316" endtime="20221122 16:15:27.360"/>
</kw>
<kw name="Click Button" library="RPA.Browser.Selenium">
<arg>Submit</arg>
<doc>Clicks the button identified by ``locator``.</doc>
<msg timestamp="20221122 16:15:27.360" level="INFO">Clicking button 'Submit'.</msg>
<status status="PASS" starttime="20221122 16:15:27.360" endtime="20221122 16:15:27.434"/>
</kw>
<status status="PASS" starttime="20221122 16:15:27.139" endtime="20221122 16:15:27.434"/>
</kw>
<status status="PASS" starttime="20221122 16:15:27.138" endtime="20221122 16:15:27.434"/>
</iter>
<iter>
<var name="${sales_rep}">{'First Name': 'Valenka', 'Last Name': 'Tantrum', 'Sales': 137708, 'Sales Target': 65000}</var>
<kw name="Log" library="BuiltIn">
<arg>${sales_rep}</arg>
<doc>Logs the given message with the given level.</doc>
<msg timestamp="20221122 16:15:27.434" level="INFO">{'First Name': 'Valenka', 'Last Name': 'Tantrum', 'Sales': 137708, 'Sales Target': 65000}</msg>
<status status="PASS" starttime="20221122 16:15:27.434" endtime="20221122 16:15:27.434"/>
</kw>
<kw name="Fill and submit the form for one person">
<arg>${sales_rep}</arg>
<kw name="Input Text" library="RPA.Browser.Selenium">
<arg>firstname</arg>
<arg>${sales_rep}[First Name]</arg>
<doc>Types the given ``text`` into the text field identified by ``locator``.</doc>
<msg timestamp="20221122 16:15:27.435" level="INFO">Typing text 'Valenka' into text field 'firstname'.</msg>
<status status="PASS" starttime="20221122 16:15:27.435" endtime="20221122 16:15:27.499"/>
</kw>
<kw name="Input Text" library="RPA.Browser.Selenium">
<arg>lastname</arg>
<arg>${sales_rep}[Last Name]</arg>
<doc>Types the given ``text`` into the text field identified by ``locator``.</doc>
<msg timestamp="20221122 16:15:27.499" level="INFO">Typing text 'Tantrum' into text field 'lastname'.</msg>
<status status="PASS" starttime="20221122 16:15:27.499" endtime="20221122 16:15:27.564"/>
</kw>
<kw name="Input Text" library="RPA.Browser.Selenium">
<arg>salesresult</arg>
<arg>${sales_rep}[Sales]</arg>
<doc>Types the given ``text`` into the text field identified by ``locator``.</doc>
<msg timestamp="20221122 16:15:27.564" level="INFO">Typing text '137708' into text field 'salesresult'.</msg>
<status status="PASS" starttime="20221122 16:15:27.564" endtime="20221122 16:15:27.616"/>
</kw>
<kw name="Select From List By Value" library="RPA.Browser.Selenium">
<arg>salestarget</arg>
<arg>${sales_rep}[Sales Target]</arg>
<doc>Selects options from selection list ``locator`` by ``values``.</doc>
<msg timestamp="20221122 16:15:27.617" level="INFO">Selecting options from selection list 'salestarget' by value 65000.</msg>
<status status="PASS" starttime="20221122 16:15:27.616" endtime="20221122 16:15:27.661"/>
</kw>
<kw name="Click Button" library="RPA.Browser.Selenium">
<arg>Submit</arg>
<doc>Clicks the button identified by ``locator``.</doc>
<msg timestamp="20221122 16:15:27.661" level="INFO">Clicking button 'Submit'.</msg>
<status status="PASS" starttime="20221122 16:15:27.661" endtime="20221122 16:15:27.748"/>
</kw>
<status status="PASS" starttime="20221122 16:15:27.435" endtime="20221122 16:15:27.748"/>
</kw>
<status status="PASS" starttime="20221122 16:15:27.434" endtime="20221122 16:15:27.748"/>
</iter>
<iter>
<var name="${sales_rep}">{'First Name': 'Dorie', 'Last Name': 'Batistelli', 'Sales': 42450, 'Sales Target': 95000}</var>
<kw name="Log" library="BuiltIn">
<arg>${sales_rep}</arg>
<doc>Logs the given message with the given level.</doc>
<msg timestamp="20221122 16:15:27.749" level="INFO">{'First Name': 'Dorie', 'Last Name': 'Batistelli', 'Sales': 42450, 'Sales Target': 95000}</msg>
<status status="PASS" starttime="20221122 16:15:27.748" endtime="20221122 16:15:27.749"/>
</kw>
<kw name="Fill and submit the form for one person">
<arg>${sales_rep}</arg>
<kw name="Input Text" library="RPA.Browser.Selenium">
<arg>firstname</arg>
<arg>${sales_rep}[First Name]</arg>
<doc>Types the given ``text`` into the text field identified by ``locator``.</doc>
<msg timestamp="20221122 16:15:27.749" level="INFO">Typing text 'Dorie' into text field 'firstname'.</msg>
<status status="PASS" starttime="20221122 16:15:27.749" endtime="20221122 16:15:27.806"/>
</kw>
<kw name="Input Text" library="RPA.Browser.Selenium">
<arg>lastname</arg>
<arg>${sales_rep}[Last Name]</arg>
<doc>Types the given ``text`` into the text field identified by ``locator``.</doc>
<msg timestamp="20221122 16:15:27.806" level="INFO">Typing text 'Batistelli' into text field 'lastname'.</msg>
<status status="PASS" starttime="20221122 16:15:27.806" endtime="20221122 16:15:27.874"/>
</kw>
<kw name="Input Text" library="RPA.Browser.Selenium">
<arg>salesresult</arg>
<arg>${sales_rep}[Sales]</arg>
<doc>Types the given ``text`` into the text field identified by ``locator``.</doc>
<msg timestamp="20221122 16:15:27.874" level="INFO">Typing text '42450' into text field 'salesresult'.</msg>
<status status="PASS" starttime="20221122 16:15:27.874" endtime="20221122 16:15:27.924"/>
</kw>
<kw name="Select From List By Value" library="RPA.Browser.Selenium">
<arg>salestarget</arg>
<arg>${sales_rep}[Sales Target]</arg>
<doc>Selects options from selection list ``locator`` by ``values``.</doc>
<msg timestamp="20221122 16:15:27.925" level="INFO">Selecting options from selection list 'salestarget' by value 95000.</msg>
<status status="PASS" starttime="20221122 16:15:27.924" endtime="20221122 16:15:27.968"/>
</kw>
<kw name="Click Button" library="RPA.Browser.Selenium">
<arg>Submit</arg>
<doc>Clicks the button identified by ``locator``.</doc>
<msg timestamp="20221122 16:15:27.969" level="INFO">Clicking button 'Submit'.</msg>
<status status="PASS" starttime="20221122 16:15:27.969" endtime="20221122 16:15:28.044"/>
</kw>
<status status="PASS" starttime="20221122 16:15:27.749" endtime="20221122 16:15:28.044"/>
</kw>
<status status="PASS" starttime="20221122 16:15:27.748" endtime="20221122 16:15:28.044"/>
</iter>
<iter>
<var name="${sales_rep}">{'First Name': 'Abra', 'Last Name': 'Heap', 'Sales': 5937, 'Sales Target': 100000}</var>
<kw name="Log" library="BuiltIn">
<arg>${sales_rep}</arg>
<doc>Logs the given message with the given level.</doc>
<msg timestamp="20221122 16:15:28.045" level="INFO">{'First Name': 'Abra', 'Last Name': 'Heap', 'Sales': 5937, 'Sales Target': 100000}</msg>
<status status="PASS" starttime="20221122 16:15:28.044" endtime="20221122 16:15:28.045"/>
</kw>
<kw name="Fill and submit the form for one person">
<arg>${sales_rep}</arg>
<kw name="Input Text" library="RPA.Browser.Selenium">
<arg>firstname</arg>
<arg>${sales_rep}[First Name]</arg>
<doc>Types the given ``text`` into the text field identified by ``locator``.</doc>
<msg timestamp="20221122 16:15:28.045" level="INFO">Typing text 'Abra' into text field 'firstname'.</msg>
<status status="PASS" starttime="20221122 16:15:28.045" endtime="20221122 16:15:28.115"/>
</kw>
<kw name="Input Text" library="RPA.Browser.Selenium">
<arg>lastname</arg>
<arg>${sales_rep}[Last Name]</arg>
<doc>Types the given ``text`` into the text field identified by ``locator``.</doc>
<msg timestamp="20221122 16:15:28.115" level="INFO">Typing text 'Heap' into text field 'lastname'.</msg>
<status status="PASS" starttime="20221122 16:15:28.115" endtime="20221122 16:15:28.179"/>
</kw>
<kw name="Input Text" library="RPA.Browser.Selenium">
<arg>salesresult</arg>
<arg>${sales_rep}[Sales]</arg>
<doc>Types the given ``text`` into the text field identified by ``locator``.</doc>
<msg timestamp="20221122 16:15:28.180" level="INFO">Typing text '5937' into text field 'salesresult'.</msg>
<status status="PASS" starttime="20221122 16:15:28.179" endtime="20221122 16:15:28.236"/>
</kw>
<kw name="Select From List By Value" library="RPA.Browser.Selenium">
<arg>salestarget</arg>
<arg>${sales_rep}[Sales Target]</arg>
<doc>Selects options from selection list ``locator`` by ``values``.</doc>
<msg timestamp="20221122 16:15:28.236" level="INFO">Selecting options from selection list 'salestarget' by value 100000.</msg>
<status status="PASS" starttime="20221122 16:15:28.236" endtime="20221122 16:15:28.281"/>
</kw>
<kw name="Click Button" library="RPA.Browser.Selenium">
<arg>Submit</arg>
<doc>Clicks the button identified by ``locator``.</doc>
<msg timestamp="20221122 16:15:28.282" level="INFO">Clicking button 'Submit'.</msg>
<status status="PASS" starttime="20221122 16:15:28.281" endtime="20221122 16:15:28.376"/>
</kw>
<status status="PASS" starttime="20221122 16:15:28.045" endtime="20221122 16:15:28.376"/>
</kw>
<status status="PASS" starttime="20221122 16:15:28.044" endtime="20221122 16:15:28.376"/>
</iter>
<iter>
<var name="${sales_rep}">{'First Name': 'Petronille', 'Last Name': 'Lesor', 'Sales': 54805, 'Sales Target': 85000}</var>
<kw name="Log" library="BuiltIn">
<arg>${sales_rep}</arg>
<doc>Logs the given message with the given level.</doc>
<msg timestamp="20221122 16:15:28.377" level="INFO">{'First Name': 'Petronille', 'Last Name': 'Lesor', 'Sales': 54805, 'Sales Target': 85000}</msg>
<status status="PASS" starttime="20221122 16:15:28.377" endtime="20221122 16:15:28.377"/>
</kw>
<kw name="Fill and submit the form for one person">
<arg>${sales_rep}</arg>
<kw name="Input Text" library="RPA.Browser.Selenium">
<arg>firstname</arg>
<arg>${sales_rep}[First Name]</arg>
<doc>Types the given ``text`` into the text field identified by ``locator``.</doc>
<msg timestamp="20221122 16:15:28.377" level="INFO">Typing text 'Petronille' into text field 'firstname'.</msg>
<status status="PASS" starttime="20221122 16:15:28.377" endtime="20221122 16:15:28.443"/>
</kw>
<kw name="Input Text" library="RPA.Browser.Selenium">
<arg>lastname</arg>
<arg>${sales_rep}[Last Name]</arg>
<doc>Types the given ``text`` into the text field identified by ``locator``.</doc>
<msg timestamp="20221122 16:15:28.443" level="INFO">Typing text 'Lesor' into text field 'lastname'.</msg>
<status status="PASS" starttime="20221122 16:15:28.443" endtime="20221122 16:15:28.511"/>
</kw>
<kw name="Input Text" library="RPA.Browser.Selenium">
<arg>salesresult</arg>
<arg>${sales_rep}[Sales]</arg>
<doc>Types the given ``text`` into the text field identified by ``locator``.</doc>
<msg timestamp="20221122 16:15:28.511" level="INFO">Typing text '54805' into text field 'salesresult'.</msg>
<status status="PASS" starttime="20221122 16:15:28.511" endtime="20221122 16:15:28.568"/>
</kw>
<kw name="Select From List By Value" library="RPA.Browser.Selenium">
<arg>salestarget</arg>
<arg>${sales_rep}[Sales Target]</arg>
<doc>Selects options from selection list ``locator`` by ``values``.</doc>
<msg timestamp="20221122 16:15:28.569" level="INFO">Selecting options from selection list 'salestarget' by value 85000.</msg>
<status status="PASS" starttime="20221122 16:15:28.568" endtime="20221122 16:15:28.611"/>
</kw>
<kw name="Click Button" library="RPA.Browser.Selenium">
<arg>Submit</arg>
<doc>Clicks the button identified by ``locator``.</doc>
<msg timestamp="20221122 16:15:28.612" level="INFO">Clicking button 'Submit'.</msg>
<status status="PASS" starttime="20221122 16:15:28.612" endtime="20221122 16:15:28.698"/>
</kw>
<status status="PASS" starttime="20221122 16:15:28.377" endtime="20221122 16:15:28.699"/>
</kw>
<status status="PASS" starttime="20221122 16:15:28.376" endtime="20221122 16:15:28.699"/>
</iter>
<iter>
<var name="${sales_rep}">{'First Name': 'Vincenty', 'Last Name': 'Stannering', 'Sales': 109884, 'Sales Target': 30000}</var>
<kw name="Log" library="BuiltIn">
<arg>${sales_rep}</arg>
<doc>Logs the given message with the given level.</doc>
<msg timestamp="20221122 16:15:28.699" level="INFO">{'First Name': 'Vincenty', 'Last Name': 'Stannering', 'Sales': 109884, 'Sales Target': 30000}</msg>
<status status="PASS" starttime="20221122 16:15:28.699" endtime="20221122 16:15:28.699"/>
</kw>
<kw name="Fill and submit the form for one person">
<arg>${sales_rep}</arg>
<kw name="Input Text" library="RPA.Browser.Selenium">
<arg>firstname</arg>
<arg>${sales_rep}[First Name]</arg>
<doc>Types the given ``text`` into the text field identified by ``locator``.</doc>
<msg timestamp="20221122 16:15:28.700" level="INFO">Typing text 'Vincenty' into text field 'firstname'.</msg>
<status status="PASS" starttime="20221122 16:15:28.699" endtime="20221122 16:15:28.765"/>
</kw>
<kw name="Input Text" library="RPA.Browser.Selenium">
<arg>lastname</arg>
<arg>${sales_rep}[Last Name]</arg>
<doc>Types the given ``text`` into the text field identified by ``locator``.</doc>
<msg timestamp="20221122 16:15:28.766" level="INFO">Typing text 'Stannering' into text field 'lastname'.</msg>
<status status="PASS" starttime="20221122 16:15:28.765" endtime="20221122 16:15:28.838"/>
</kw>
<kw name="Input Text" library="RPA.Browser.Selenium">
<arg>salesresult</arg>
<arg>${sales_rep}[Sales]</arg>
<doc>Types the given ``text`` into the text field identified by ``locator``.</doc>
<msg timestamp="20221122 16:15:28.838" level="INFO">Typing text '109884' into text field 'salesresult'.</msg>
<status status="PASS" starttime="20221122 16:15:28.838" endtime="20221122 16:15:28.896"/>
</kw>
<kw name="Select From List By Value" library="RPA.Browser.Selenium">
<arg>salestarget</arg>
<arg>${sales_rep}[Sales Target]</arg>
<doc>Selects options from selection list ``locator`` by ``values``.</doc>
<msg timestamp="20221122 16:15:28.897" level="INFO">Selecting options from selection list 'salestarget' by value 30000.</msg>
<status status="PASS" starttime="20221122 16:15:28.896" endtime="20221122 16:15:28.942"/>
</kw>
<kw name="Click Button" library="RPA.Browser.Selenium">
<arg>Submit</arg>
<doc>Clicks the button identified by ``locator``.</doc>
<msg timestamp="20221122 16:15:28.943" level="INFO">Clicking button 'Submit'.</msg>
<status status="PASS" starttime="20221122 16:15:28.942" endtime="20221122 16:15:29.037"/>
</kw>
<status status="PASS" starttime="20221122 16:15:28.699" endtime="20221122 16:15:29.037"/>
</kw>
<status status="PASS" starttime="20221122 16:15:28.699" endtime="20221122 16:15:29.038"/>
</iter>
<status status="PASS" starttime="20221122 16:15:13.941" endtime="20221122 16:15:29.038"/>
</for>
<status status="PASS" starttime="20221122 16:15:13.925" endtime="20221122 16:15:29.038"/>
</kw>
<kw name="Log out and close the Browser" type="TEARDOWN">
<kw name="Click Button" library="RPA.Browser.Selenium">
<arg>Log out</arg>
<doc>Clicks the button identified by ``locator``.</doc>
<msg timestamp="20221122 16:15:29.039" level="INFO">Clicking button 'Log out'.</msg>
<status status="PASS" starttime="20221122 16:15:29.038" endtime="20221122 16:15:29.077"/>
</kw>
<kw name="Close Browser" library="RPA.Browser.Selenium">
<doc>Closes the current browser.</doc>
<status status="PASS" starttime="20221122 16:15:29.077" endtime="20221122 16:15:31.166"/>
</kw>
<status status="PASS" starttime="20221122 16:15:29.038" endtime="20221122 16:15:31.166"/>
</kw>
<status status="PASS" starttime="20221122 16:15:10.324" endtime="20221122 16:15:31.166"/>
</test>
<doc>Insert the sales data for the week and export it as a PDF.</doc>
<status status="PASS" starttime="20221122 16:15:05.412" endtime="20221122 16:15:31.167"/>
</suite>
<statistics>
<total>
<stat pass="1" fail="0" skip="0">All Tasks</stat>
</total>
<tag>
</tag>
<suite>
<stat pass="1" fail="0" skip="0" id="s1" name="Tasks">Tasks</stat>
</suite>
</statistics>
<errors>
</errors>
</robot>
